2023-09-05 16:55:04@1693904104997@SCS1235917001169390409499422,TS62A,STANDBY,3,CNC1/CNC1/CNC1,1/1/2,100/100/100,HARTFORD_MVP8/HARTFORD_MVP8/HARTFORD_MVP8,1_Hartford_test_ds.nc/2_Hartford_test_00.nc/3_Hartford_test_01.nc,7,1,1,B1E8B2878EA92F92E076871FEEB46039
2023-09-05 16:55:07@1693904107114@SCS1235917003169390409499425,TS62A,STANDBY,3,CNC1/CNC1/CNC1,1/1/1,100/100/100,HARTFORD_MVP8/HARTFORD_MVP8/HARTFORD_MVP8,1_Hartford_test_ds.nc/2_Hartford_test_ds.nc/3_Hartford_test_ds.nc,7,2,1,8D682338B140141845359DC8715D4ADB
2023-09-05 16:55:07@1693904107217@SCS1235917004169390409499463,TS62A,STANDBY,1,CNC1,1,100,HARTFORD_MVP8,1_Hartford_test_ds.nc,7,3,1,65D4A86A0E28893BDD169A186B941BBA
2023-09-05 16:55:07@1693904107320@SCS123591700516939040949944,TS62A,STANDBY,1,CNC1,1,100,HARTFORD_MVP8,1_Hartford_test_ds.nc,7,4,1,FDEA4ED2B3D36D088F7C064CE25EB895
2023-09-05 16:55:07@1693904107426@SCS1235917006169390409499425,TS62A,STANDBY,1,CNC1,1,100,HARTFORD_MVP8,1_Hartford_test_ds.nc,7,5,1,C5192609298F8968CD9A3831F43B2AC6
2023-09-05 16:55:07@1693904107531@D0000001169390409499439,TS62A,STANDBY,2,CNC1/CNC1,1/2,10#30/20,HARTFORD_MVP8#Dummy_CNC/Dummy_CNC,1_Hartford_test_00.nc#1_dummy_cnc_01.nc/2_dummy_cnc_01.nc,7,6,1,8E00502F60873AA5F08B4F975667F358
2023-09-05 16:55:07@1693904107634@dwg001169390409499469,TS62A,STANDBY,2,CNC1/CNC1,1/2,200/100,Dummy_CNC/Dummy_CNC,1_1_dummy_cnc_01.nc/2_1_dummy_cnc_01.nc,7,7,1,99698E3DE672BB1FFFF18295DA6E91C5
2023-09-05 16:55:07@1693904107738@SCS123591700116939040949941,TS62A,STANDBY,3,CNC1/CNC1/CNC1,1/1/2,100/100/100,HARTFORD_MVP8/HARTFORD_MVP8/HARTFORD_MVP8,1_Hartford_test_ds.nc/2_Hartford_test_00.nc/3_Hartford_test_01.nc,7,8,1,FFE1F91536E9AB253D08E288EEEEB4D4
2023-09-05 16:55:07@1693904107843@SCS1235917003169390409499430,TS62A,STANDBY,3,CNC1/CNC1/CNC1,1/1/1,100/100/100,HARTFORD_MVP8/HARTFORD_MVP8/HARTFORD_MVP8,1_Hartford_test_ds.nc/2_Hartford_test_ds.nc/3_Hartford_test_ds.nc,7,9,1,C49B6777F44C665B3BCB326AF74A6064
2023-09-05 16:55:07@1693904107947@SCS1235917004169390409499465,TS62A,STANDBY,1,CNC1,1,100,HARTFORD_MVP8,1_Hartford_test_ds.nc,7,10,1,C46539B9CB9726DCEB4AA82E0884C464
2023-09-05 16:55:08@1693904108051@SCS1235917005169390409499436,TS62A,STANDBY,1,CNC1,1,100,HARTFORD_MVP8,1_Hartford_test_ds.nc,7,11,1,BF998B8DDE68C69BA3FD782E14AE5C4B
2023-09-05 16:55:08@1693904108155@SCS1235917006169390409499410,TS62A,STANDBY,1,CNC1,1,100,HARTFORD_MVP8,1_Hartford_test_ds.nc,7,12,1,1EB3F37F82FE8566EF0B5CD1C5AF5446
2023-09-05 16:55:08@1693904108259@D0000001169390409499495,TS62A,STANDBY,2,CNC1/CNC1,1/2,10#30/20,HARTFORD_MVP8#Dummy_CNC/Dummy_CNC,1_Hartford_test_00.nc#1_dummy_cnc_01.nc/2_dummy_cnc_01.nc,7,13,1,AA48AF658A1FD9CC855F976457E2B585
2023-09-05 16:55:08@1693904108363@dwg001169390409499423,TS62A,STANDBY,2,CNC1/CNC1,1/2,200/100,Dummy_CNC/Dummy_CNC,1_1_dummy_cnc_01.nc/2_1_dummy_cnc_01.nc,7,14,1,F57BB3E5FBA388A43E235139CB853866
2023-09-05 16:55:08@1693904108465@dwg001169390409499423,TS62A,STANDBY,2,CNC1/CNC1,1/2,200/100,Dummy_CNC/Dummy_CNC,1_1_dummy_cnc_01.nc/2_1_dummy_cnc_01.nc,7,14,0,D0716A92056675E5D78B8EE1FDE4F9CB
2023-09-05 16:58:33@1693904313397@SCS1235917001169390431113642,TS6HF01,STANDBY,3,CNC1/CNC1/CNC1,1/1/2,100/100/100,HARTFORD_MVP8/HARTFORD_MVP8/HARTFORD_MVP8,1_Hartford_test_ds.nc/2_Hartford_test_00.nc/3_Hartford_test_01.nc,9,1,1,3234A9CB22C8D9B8FC30E782CFA1FB27
2023-09-05 16:58:33@1693904313500@SCS1235917003169390431113652,TS6HF01,STANDBY,3,CNC1/CNC1/CNC1,1/1/1,100/100/100,HARTFORD_MVP8/HARTFORD_MVP8/HARTFORD_MVP8,1_Hartford_test_ds.nc/2_Hartford_test_ds.nc/3_Hartford_test_ds.nc,9,2,1,4F44FEA59DDB731D77AF22DB32FD871A
2023-09-05 16:58:33@1693904313605@SCS1235917004169390431113681,TS6HF01,STANDBY,1,CNC1,1,100,HARTFORD_MVP8,1_Hartford_test_ds.nc,9,3,1,FFF6748151CBFE198D8937353ED50507
2023-09-05 16:58:33@1693904313709@SCS1235917005169390431113648,TS6HF01,STANDBY,1,CNC1,1,100,HARTFORD_MVP8,1_Hartford_test_ds.nc,9,4,1,75397FDB7CE631ACE68F2119BD43B141
2023-09-05 16:58:33@1693904313813@SCS1235917006169390431113658,TS6HF01,STANDBY,1,CNC1,1,100,HARTFORD_MVP8,1_Hartford_test_ds.nc,9,5,1,77736B77D7B71153143DBA1A454AC7DE
2023-09-05 16:58:33@1693904313918@D0000001169390431113638,TS6HF01,STANDBY,2,CNC1/CNC1,1/2,10#30/20,HARTFORD_MVP8#Dummy_CNC/Dummy_CNC,1_Hartford_test_00.nc#1_dummy_cnc_01.nc/2_dummy_cnc_01.nc,9,6,1,4C86B5B11DC40BF7B5C440B22EDB12F1
2023-09-05 16:58:34@1693904314021@dwg001169390431113661,TS6HF01,STANDBY,2,CNC1/CNC1,1/2,200/100,Dummy_CNC/Dummy_CNC,1_1_dummy_cnc_01.nc/2_1_dummy_cnc_01.nc,9,7,1,4E9E80C05C8BEC50814F84D07DA7F5F7
2023-09-05 16:58:34@1693904314125@SCS1235917001169390431113651,TS6HF01,STANDBY,3,CNC1/CNC1/CNC1,1/1/2,100/100/100,HARTFORD_MVP8/HARTFORD_MVP8/HARTFORD_MVP8,1_Hartford_test_ds.nc/2_Hartford_test_00.nc/3_Hartford_test_01.nc,9,8,1,9630EF682073BACEE7C61376F4564AC6
2023-09-05 16:58:34@1693904314229@SCS1235917003169390431113640,TS6HF01,STANDBY,3,CNC1/CNC1/CNC1,1/1/1,100/100/100,HARTFORD_MVP8/HARTFORD_MVP8/HARTFORD_MVP8,1_Hartford_test_ds.nc/2_Hartford_test_ds.nc/3_Hartford_test_ds.nc,9,9,1,7E71E69D207C0F1D98D8DC36F174750C
2023-09-05 16:58:34@1693904314330@SCS123591700416939043111363,TS6HF01,STANDBY,1,CNC1,1,100,HARTFORD_MVP8,1_Hartford_test_ds.nc,9,10,1,47E72A445FF36246439A395CC329AC58
2023-09-05 16:58:34@1693904314432@SCS123591700516939043111362,TS6HF01,STANDBY,1,CNC1,1,100,HARTFORD_MVP8,1_Hartford_test_ds.nc,9,11,1,2F37C26D82BEBD4B33B036B754F728A1
2023-09-05 16:58:34@1693904314536@SCS1235917006169390431113671,TS6HF01,STANDBY,1,CNC1,1,100,HARTFORD_MVP8,1_Hartford_test_ds.nc,9,12,1,3437BDBA1F234EBF72BFA5BF1BD9E713
2023-09-05 16:58:34@1693904314640@D0000001169390431113671,TS6HF01,STANDBY,2,CNC1/CNC1,1/2,10#30/20,HARTFORD_MVP8#Dummy_CNC/Dummy_CNC,1_Hartford_test_00.nc#1_dummy_cnc_01.nc/2_dummy_cnc_01.nc,9,13,1,74E08AF75D990903A935A3DC577F850E
2023-09-05 16:58:34@1693904314743@dwg00116939043111360,TS6HF01,STANDBY,2,CNC1/CNC1,1/2,200/100,Dummy_CNC/Dummy_CNC,1_1_dummy_cnc_01.nc/2_1_dummy_cnc_01.nc,9,14,1,AF07004805BFAB739D5526BEF6110794
2023-09-05 16:58:34@1693904314845@dwg00116939043111360,TS6HF01,STANDBY,2,CNC1/CNC1,1/2,200/100,Dummy_CNC/Dummy_CNC,1_1_dummy_cnc_01.nc/2_1_dummy_cnc_01.nc,9,14,0,4B5C93C4A13CD0848BF69A9C87680B99
