2023-09-14 14:25:06@1694672706810@SCS1235917001169467243536279,10,TS6HF01,WORKING,3,9,1,CNC1,1,100,HARTFORD_MVP8,1_Hartford_test_ds.nc,99CD85EEBE3FFAAE0845A50273A7EF45
2023-09-14 14:25:07@1694672707290@SCS1235917003169467243536293,10,TS6HF01,WORKING,3,9,2,CNC1,1,100,HARTFORD_MVP8,1_Hartford_test_ds.nc,1B0146B6BB464B9C07ABFE6130F889AB
2023-09-14 14:25:07@1694672707765@SCS1235917004169467243536247,10,TS6HF01,WORKING,1,9,3,CNC1,1,100,HARTFORD_MVP8,1_Hartford_test_ds.nc,1F18AE7D6EFC878D753598D1FD2DFF2B
2023-09-14 14:25:08@1694672708228@SCS1235917005169467243536267,10,TS6HF01,WORKING,1,9,4,CNC1,1,100,HARTFORD_MVP8,1_Hartford_test_ds.nc,E0A023BD91BBB977154E3516545B4A72
2023-09-14 14:47:54@1694674074162@SCS123591700116946738102924,10,TS6HF01,WORKING,3,9,1,CNC1,1,100,HARTFORD_MVP8,1_Hartford_test_ds.nc,845F2EF188094CBC206957D5BD37FDAB
2023-09-14 14:47:54@1694674074618@SCS1235917003169467381029350,10,TS6HF01,WORKING,3,9,2,CNC1,1,100,HARTFORD_MVP8,1_Hartford_test_ds.nc,146933942FE45DE03B9B1F6C0207C553
2023-09-14 14:47:55@1694674075070@SCS1235917004169467381029333,10,TS6HF01,WORKING,1,9,3,CNC1,1,100,HARTFORD_MVP8,1_Hartford_test_ds.nc,0345250FBF394391FEAB27B353172757
2023-09-14 14:47:55@1694674075525@SCS1235917005169467381029383,10,TS6HF01,WORKING,1,9,4,CNC1,1,100,HARTFORD_MVP8,1_Hartford_test_ds.nc,A20CC4F53A79505810A9DCCB466ECAE5
2023-09-14 15:41:33@1694677293307@SCS1235917001169467704900347,10,TS6HF01,WORKING,3,9,1,CNC1,1,100,HARTFORD_MVP8,1_Hartford_test_ds.nc,399780442044199B8D4F164E1569FBE2
2023-09-14 15:41:33@1694677293771@SCS1235917003169467704900339,10,TS6HF01,WORKING,3,9,2,CNC1,1,100,HARTFORD_MVP8,1_Hartford_test_ds.nc,0ED36C37711541094AEC0CC0D10C8B50
2023-09-14 15:41:34@1694677294233@SCS1235917004169467704900340,10,TS6HF01,WORKING,1,9,3,CNC1,1,100,HARTFORD_MVP8,1_Hartford_test_ds.nc,300C1886CBB3885B7EE4AF503FAB4B45
2023-09-14 15:41:34@1694677294685@SCS123591700516946770490032,10,TS6HF01,WORKING,1,9,4,CNC1,1,100,HARTFORD_MVP8,1_Hartford_test_ds.nc,C7AD09A43A226A26275043E248D684AA
2023-09-14 15:56:45@1694678205263@SCS1235917001169467793562048,10,TS6HF01,WORKING,3,9,1,CNC1,1,100,HARTFORD_MVP8,1_Hartford_test_ds.nc,BF21A828397D4A736A6FF3736C79A61D
2023-09-14 15:56:45@1694678205723@SCS123591700316946779356202,10,TS6HF01,WORKING,3,9,2,CNC1,1,100,HARTFORD_MVP8,1_Hartford_test_ds.nc,F66AB5F98D3AF0959D6BD81F2470B7DF
2023-09-14 15:56:46@1694678206180@SCS1235917004169467793562063,10,TS6HF01,WORKING,1,9,3,CNC1,1,100,HARTFORD_MVP8,1_Hartford_test_ds.nc,790906432677C4292A0C75923CEFB292
2023-09-14 15:56:46@1694678206660@SCS1235917005169467793562087,10,TS6HF01,WORKING,1,9,4,CNC1,1,100,HARTFORD_MVP8,1_Hartford_test_ds.nc,442105E66B145E008BBFBD9E248564E3
2023-09-14 16:14:20@1694679260695@SCS1235917001169467896894291,10,TS6HF01,WORKING,3,9,1,CNC1,1,100,HARTFORD_MVP8,1_Hartford_test_ds.nc,98ED885E3FE93484579C36A6AD5971F4
2023-09-14 16:14:21@1694679261154@SCS1235917003169467896894286,10,TS6HF01,WORKING,3,9,2,CNC1,1,100,HARTFORD_MVP8,1_Hartford_test_ds.nc,1DB15470ABE842DC981510436C0135E1
2023-09-14 16:14:21@1694679261609@SCS1235917004169467896894255,10,TS6HF01,WORKING,1,9,3,CNC1,1,100,HARTFORD_MVP8,1_Hartford_test_ds.nc,802BC1A8F960BE90E4CC8B5903399E4D
2023-09-14 16:14:22@1694679262078@SCS1235917005169467896894247,10,TS6HF01,WORKING,1,9,4,CNC1,1,100,HARTFORD_MVP8,1_Hartford_test_ds.nc,9ADDEDF8CCBA53B237C8418CA98B7A9F
2023-09-14 17:04:04@1694682244159@SCS1235917001169468194354968,10,TS6HF01,WORKING,3,9,1,CNC1,1,100,HARTFORD_MVP8,1_Hartford_test_ds.nc,2416B2BEE99668D5C0D016FB8E09C919
2023-09-14 17:04:04@1694682244631@SCS1235917003169468194354972,10,TS6HF01,WORKING,3,9,2,CNC1,1,100,HARTFORD_MVP8,1_Hartford_test_ds.nc,44BFF923385F53261D8634AB8B8D804E
2023-09-14 17:04:05@1694682245083@SCS1235917004169468194354994,10,TS6HF01,WORKING,1,9,3,CNC1,1,100,HARTFORD_MVP8,1_Hartford_test_ds.nc,3B963BCF47A5260B84BE3703ED87E9DB
2023-09-14 17:04:05@1694682245536@SCS123591700516946819435496,10,TS6HF01,WORKING,1,9,4,CNC1,1,100,HARTFORD_MVP8,1_Hartford_test_ds.nc,8D68D984D971952C21CAAACF7B5DC1CF
2023-09-14 17:20:01@1694683201271@SCS123591700116946828905258,10,TS6HF01,WORKING,3,9,1,CNC1,1,100,HARTFORD_MVP8,1_Hartford_test_ds.nc,4BD9EF495A0D8DE5EF0D6160A9CEA40E
2023-09-14 17:20:01@1694683201727@SCS1235917003169468289052548,10,TS6HF01,WORKING,3,9,2,CNC1,1,100,HARTFORD_MVP8,1_Hartford_test_ds.nc,9388F27B60AB558C91480A1A2DCB98F1
2023-09-14 17:20:02@1694683202180@SCS1235917004169468289052553,10,TS6HF01,WORKING,1,9,3,CNC1,1,100,HARTFORD_MVP8,1_Hartford_test_ds.nc,616ADF0F8CD50E62241F0F0C42702692
2023-09-14 17:20:02@1694683202629@SCS1235917005169468289052510,10,TS6HF01,WORKING,1,9,4,CNC1,1,100,HARTFORD_MVP8,1_Hartford_test_ds.nc,F79D530AA93133DFAC1E9536E5FA963C
2023-09-14 17:34:13@1694684053301@SCS1235917001169468375158945,10,TS6HF01,WORKING,3,9,1,CNC1,1,100,HARTFORD_MVP8,1_Hartford_test_ds.nc,73B029EE353FB1271B0521A59E76EC63
2023-09-14 17:34:13@1694684053746@SCS1235917003169468375158956,10,TS6HF01,WORKING,3,9,2,CNC1,1,100,HARTFORD_MVP8,1_Hartford_test_ds.nc,05DCA2DA439A2D6DBBAABE3026F1297C
2023-09-14 17:34:14@1694684054212@SCS1235917004169468375158948,10,TS6HF01,WORKING,1,9,3,CNC1,1,100,HARTFORD_MVP8,1_Hartford_test_ds.nc,ADE9CA90E27EE0D6E3F85904DB42B9B2
2023-09-14 17:34:15@1694684055082@SCS1235917005169468375158971,10,TS6HF01,WORKING,1,9,4,CNC1,1,100,HARTFORD_MVP8,1_Hartford_test_ds.nc,583D02CB9FFE12E9803A078007958332
2023-09-14 17:57:30@1694685450355@SCS1235917001169468514210392,10,TS6HF01,WORKING,3,9,1,CNC1,1,100,HARTFORD_MVP8,1_Hartford_test_ds.nc,8288A044C138B7A09A29DF8EE45D23E6
2023-09-14 17:57:30@1694685450807@SCS1235917003169468514210433,10,TS6HF01,WORKING,3,9,2,CNC1,1,100,HARTFORD_MVP8,1_Hartford_test_ds.nc,93D54EC353218F3C351BB044F61C38E4
2023-09-14 17:57:31@1694685451272@SCS1235917004169468514210434,10,TS6HF01,WORKING,1,9,3,CNC1,1,100,HARTFORD_MVP8,1_Hartford_test_ds.nc,10D5E78E901E8880E08F42ACE280AEE1
2023-09-14 17:57:31@1694685451745@SCS123591700516946851421047,10,TS6HF01,WORKING,1,9,4,CNC1,1,100,HARTFORD_MVP8,1_Hartford_test_ds.nc,2BBB07BB5B14500D5398B3DAF39BEB6B
2023-09-14 18:03:16@1694685796952@SCS1235917001169468514210392,10,TS6HF01,WORKING,3,10,1,CNC1,1,100,HARTFORD_MVP8,1_Hartford_test_ds.nc,047C52C5BB93EDAB3AABF987FD060308
2023-09-14 18:03:32@1694685812647@SCS1235917003169468514210433,10,TS6HF01,WORKING,3,10,2,CNC1,1,100,HARTFORD_MVP8,1_Hartford_test_ds.nc,3E254F3BC3AD63A946B1D1E253AF828E
2023-09-14 18:08:00@1694686080869@SCS123591700616946851421043,10,TS6HF01,WORKING,1,9,5,CNC1,1,100,HARTFORD_MVP8,1_Hartford_test_ds.nc,EC69308A8278DD4F544DF14E070F6357
2023-09-14 18:08:01@1694686081325@D0000001169468514210499,10,TS6HF01,WORKING,2,9,6,CNC1,1,10,HARTFORD_MVP8,1_Hartford_test_00.nc,FCAC504A219CAFB1E6DC26DDE5F6F8FF
2023-09-14 18:08:01@1694686081774@SCS1235917001169468514210499,10,TS6HF01,WORKING,3,9,8,CNC1,1,100,HARTFORD_MVP8,1_Hartford_test_ds.nc,5B09C233503214F0E64080B0BA01E8FA
2023-09-14 18:08:02@1694686082225@SCS1235917003169468514210462,10,TS6HF01,WORKING,3,9,9,CNC1,1,100,HARTFORD_MVP8,1_Hartford_test_ds.nc,A36DA450E1DF0AC61811ADCC678B1781
2023-09-14 18:13:56@1694686436282@D0000001169468514210499,10,TS6HF01,WORKING,2,10,4,CNC1,1,10,HARTFORD_MVP8,1_Hartford_test_00.nc,C62D54ACE4F3DDBF2432000E2DC798ED
2023-09-14 18:14:11@1694686451869@SCS1235917001169468514210499,10,TS6HF01,WORKING,3,10,5,CNC1,1,100,HARTFORD_MVP8,1_Hartford_test_ds.nc,4E12649DF045078E790DDEC4B1C6E5DD
2023-09-14 18:14:26@1694686466969@SCS1235917003169468514210462,10,TS6HF01,WORKING,3,10,6,CNC1,1,100,HARTFORD_MVP8,1_Hartford_test_ds.nc,E5F8029439186BFD27E8C4988066B5B0
