2023-10-13 13:58:49@1697176729207@SCS1235917001169717629536218,10,TS6HF01,WORKING,3,9,1,CNC1,1,100,HARTFORD_MVP8,1_Hartford_test_ds.nc,E40541D0E2955AD68D215AD2D612F9F5
2023-10-13 13:58:49@1697176729648@SCS123591700316971762953628,10,TS6HF01,WORKING,3,9,2,CNC1,1,100,HARTFORD_MVP8,1_Hartford_test_ds.nc,B1265FF76D46FAD3BC581FF6F1C47C8A
2023-10-13 13:58:50@1697176730093@SCS1235917004169717629536255,10,TS6HF01,WORKING,1,9,3,CNC1,1,100,HARTFORD_MVP8,1_Hartford_test_ds.nc,B56034318D894A925D4E7B3F92161B15
2023-10-13 13:58:50@1697176730538@SCS1235917005169717629536278,10,TS6HF01,WORKING,1,9,4,CNC1,1,100,HARTFORD_MVP8,1_Hartford_test_ds.nc,B62DE653833C7AFE5961C3E11D601B44
2023-10-13 15:25:03@1697181903428@SCS1235917001169717629536218,10,TS6HF01,WORKING,3,10,1,CNC1,1,100,HARTFORD_MVP8,1_Hartford_test_ds.nc,719750C2D8ED8A217EA39D7ADF3617C5
2023-10-13 15:25:26@1697181926642@SCS123591700316971762953628,10,TS6HF01,WORKING,3,10,2,CNC1,1,100,HARTFORD_MVP8,1_Hartford_test_ds.nc,E0C4C241EFD3D99EFA065EFF0FCE8EEC
2023-10-13 15:43:45@1697183025058@SCS1235917001169718270076796,10,TS6HF01,WORKING,3,9,1,CNC1,1,100,HARTFORD_MVP8,1_Hartford_test_ds.nc,3FBE329209139D21B40592F352CD5658
2023-10-13 15:43:45@1697183025499@SCS1235917003169718270076788,10,TS6HF01,WORKING,3,9,2,CNC1,1,100,HARTFORD_MVP8,1_Hartford_test_ds.nc,C6B87C20A59E549255270AC9561440B8
2023-10-13 15:43:45@1697183025939@SCS1235917004169718270076780,10,TS6HF01,WORKING,1,9,3,CNC1,1,100,HARTFORD_MVP8,1_Hartford_test_ds.nc,EA1A382EE027C1014BB75E8381532248
2023-10-13 15:43:46@1697183026378@SCS1235917005169718270076726,10,TS6HF01,WORKING,1,9,4,CNC1,1,100,HARTFORD_MVP8,1_Hartford_test_ds.nc,11B374B8395303A357BD85D5DF003018
2023-10-13 15:51:50@1697183510878@SCS1235917001169718270076796,10,TS6HF01,WORKING,3,10,1,CNC1,1,100,HARTFORD_MVP8,1_Hartford_test_ds.nc,51ACD3D7E30CB03F427F09788371AC67
2023-10-13 15:52:14@1697183534203@SCS1235917003169718270076788,10,TS6HF01,WORKING,3,10,2,CNC1,1,100,HARTFORD_MVP8,1_Hartford_test_ds.nc,604DA3833FD8891981E7E42B58081B4D
2023-10-13 15:57:26@1697183846704@SCS1235917006169718270076740,10,TS6HF01,WORKING,1,9,5,CNC1,1,100,HARTFORD_MVP8,1_Hartford_test_ds.nc,D3EC90061DE93B24E397E2398B15899D
2023-10-13 15:57:27@1697183847161@SCS123591700116971827791,10,TS6HF01,WORKING,3,9,6,CNC1,1,100,HARTFORD_MVP8,1_Hartford_test_ds.nc,29043E85D2D9B23512D13E6D187B66FC
2023-10-13 15:57:27@1697183847618@SCS12359170011697182713,10,TS6HF01,WORKING,3,9,7,CNC1,1,100,HARTFORD_MVP8,1_Hartford_test_ds.nc,2129A77ED702B7D4D3C7CD9F3B50E6A0
2023-10-13 15:57:28@1697183848077@SCS1235917001169718270076719,10,TS6HF01,WORKING,3,9,8,CNC1,1,100,HARTFORD_MVP8,1_Hartford_test_ds.nc,177BE5A163005EC9AFAB908EF9212309
2023-10-13 16:05:43@1697184343257@SCS123591700116971827791,10,TS6HF01,WORKING,3,10,6,CNC1,1,100,HARTFORD_MVP8,1_Hartford_test_ds.nc,582DA53F5700720915F205268091085B
2023-10-13 16:06:06@1697184366867@SCS12359170011697182713,10,TS6HF01,WORKING,3,10,7,CNC1,1,100,HARTFORD_MVP8,1_Hartford_test_ds.nc,2B6DB7F3AB61D24F8824C5FE0C8B68D0
2023-10-13 16:06:31@1697184391180@SCS1235917001169718270076719,10,TS6HF01,WORKING,3,10,8,CNC1,1,100,HARTFORD_MVP8,1_Hartford_test_ds.nc,7A2CF601612D7A82A90F204BB8D8EFBD
2023-10-13 16:11:01@1697184661190@SCS1235917001169718270076796,10,TS6HF01,WORKING,3,9,1,CNC1/CNC1,1/1,100/100,HARTFORD_MVP8/HARTFORD_MVP8,1_Hartford_test_ds.nc/1_Hartford_test_ds.nc,FA817DB80A47E22C1DB5DC0EC090106F
2023-10-13 16:11:01@1697184661645@SCS1235917003169718270076788,10,TS6HF01,WORKING,3,9,2,CNC1/CNC1,1/1,100/100,HARTFORD_MVP8/HARTFORD_MVP8,1_Hartford_test_ds.nc/1_Hartford_test_ds.nc,01F05F70D59A33B60BDF7B5C54EB5F64
2023-10-13 16:11:02@1697184662094@SCS1235917004169718270076780,10,TS6HF01,WORKING,1,9,3,CNC1,1,100,HARTFORD_MVP8,1_Hartford_test_ds.nc,EA1A382EE027C1014BB75E8381532248
2023-10-13 16:11:02@1697184662542@SCS1235917005169718270076726,10,TS6HF01,WORKING,1,9,4,CNC1,1,100,HARTFORD_MVP8,1_Hartford_test_ds.nc,11B374B8395303A357BD85D5DF003018
2023-10-13 16:22:58@1697185378310@SCS1235917001169718503338989,10,TS6HF01,WORKING,3,9,1,CNC1,1,100,HARTFORD_MVP8,1_Hartford_test_ds.nc,6A645CFE1F4FC5100FD25986DBCA4348
2023-10-13 16:22:58@1697185378773@SCS1235917003169718503338940,10,TS6HF01,WORKING,3,9,2,CNC1,1,100,HARTFORD_MVP8,1_Hartford_test_ds.nc,3797DACBF08B24D05FF6C68274D520D3
2023-10-13 16:22:59@1697185379223@SCS1235917004169718503338985,10,TS6HF01,WORKING,1,9,3,CNC1,1,100,HARTFORD_MVP8,1_Hartford_test_ds.nc,E46E18F88999BD72C391677C1139759D
2023-10-13 16:22:59@1697185379681@SCS1235917005169718503338964,10,TS6HF01,WORKING,1,9,4,CNC1,1,100,HARTFORD_MVP8,1_Hartford_test_ds.nc,96B6F12D10FBD2DE46D57229FA07223D
2023-10-13 17:46:11@1697190371307@SCS1235917001169718503338989,10,TS6HF01,WORKING,3,10,1,CNC1,1,100,HARTFORD_MVP8,1_Hartford_test_ds.nc,FB45E56FC1780C630A6E1517F863DBE4
2023-10-13 17:46:34@1697190394510@SCS1235917003169718503338940,10,TS6HF01,WORKING,3,10,2,CNC1,1,100,HARTFORD_MVP8,1_Hartford_test_ds.nc,7C45A3740CA543E9D852BE2891CA30BC
2023-10-13 18:06:32@1697191592998@SCS1235917001169719126114122,10,TS6HF01,WORKING,3,9,1,CNC1,1,100,HARTFORD_MVP8,1_Hartford_test_ds.nc,A2C0C700077C6A387B288889D56DB205
2023-10-13 18:06:33@1697191593442@SCS123591700316971912611410,10,TS6HF01,WORKING,3,9,2,CNC1,1,100,HARTFORD_MVP8,1_Hartford_test_ds.nc,0894D66344AF7DC159E341B96A73B616
2023-10-13 18:06:33@1697191593888@SCS1235917004169719126114173,10,TS6HF01,WORKING,1,9,3,CNC1,1,100,HARTFORD_MVP8,1_Hartford_test_ds.nc,505F5B3035BB811FF6453E69943060D0
2023-10-13 18:06:34@1697191594333@SCS1235917005169719126114113,10,TS6HF01,WORKING,1,9,4,CNC1,1,100,HARTFORD_MVP8,1_Hartford_test_ds.nc,381F7E3667AFC73AD91CB4204D5C66D8
2023-10-13 18:14:19@1697192059467@SCS1235917001169719126114122,10,TS6HF01,WORKING,3,10,1,CNC1,1,100,HARTFORD_MVP8,1_Hartford_test_ds.nc,82AC660D8E14E151755CBEE86DFB8F79
2023-10-13 18:14:42@1697192082770@SCS123591700316971912611410,10,TS6HF01,WORKING,3,10,2,CNC1,1,100,HARTFORD_MVP8,1_Hartford_test_ds.nc,376D059138289F7F865290A0A670CD8A
2023-10-13 18:19:56@1697192396109@SCS123591700616971912611414,10,TS6HF01,WORKING,1,9,5,CNC1,1,100,HARTFORD_MVP8,1_Hartford_test_ds.nc,5456600F0198610C21AAF607BBF16C1B
2023-10-13 18:19:56@1697192396568@SCS123591700316971912611131,10,TS6HF01,WORKING,3,9,6,CNC1,1,100,HARTFORD_MVP8,1_Hartford_test_ds.nc,ABAB9FFC08C87F690727275D48714493
2023-10-13 18:19:57@1697192397036@SCS1235917003169719126114126,10,TS6HF01,WORKING,3,9,7,CNC1,1,100,HARTFORD_MVP8,1_Hartford_test_ds.nc,CBB9B6C5CB0FD0B22207C75B3907E5ED
2023-10-13 18:19:57@1697192397547@SCS1235917001169719126114159,10,TS6HF01,WORKING,3,9,8,CNC1,1,100,HARTFORD_MVP8,1_Hartford_test_ds.nc,F6BBF6A2ABE1E09EC1423C4B27AA9D94
