2023-09-22 14:28:29@1695364109349@SCS123591700116953637732659,10,TS6HF01,WORKING,3,9,1,CNC1,1,100,HARTFORD_MVP8,1_Hartford_test_ds.nc,6018A55328A3A3E9437C6DFBEBFFF7A8
2023-09-22 14:28:29@1695364109803@SCS123591700316953637732653,10,TS6HF01,WORKING,3,9,2,CNC1,1,100,HARTFORD_MVP8,1_Hartford_test_ds.nc,813C2699ECB6D8FF1A7BE249B2B7245E
2023-09-22 14:28:30@1695364110267@SCS123591700416953637732658,10,TS6HF01,WORKING,1,9,3,CNC1,1,100,HARTFORD_MVP8,1_Hartford_test_ds.nc,ED5D19129885845389BEAC4F24BE2DB6
2023-09-22 14:28:30@1695364110727@SCS1235917005169536377326573,10,TS6HF01,WORKING,1,9,4,CNC1,1,100,HARTFORD_MVP8,1_Hartford_test_ds.nc,ABFCF1D7A42F50B2FC151A7363B0F4DD
2023-09-22 14:32:59@1695364379373@SCS1235917006169536377326590,10,TS6HF01,WORKING,1,9,5,CNC1,1,100,HARTFORD_MVP8,1_Hartford_test_ds.nc,03892EE3BCAE28417A7657A70BB01046
2023-09-22 14:32:59@1695364379825@SCS12359170011695363773277326538,10,TS6HF01,WORKING,3,9,6,CNC1,1,100,HARTFORD_MVP8,1_Hartford_test_ds.nc,1A2D38CD24788264ED8053B617EDF6AA
2023-09-22 14:33:00@1695364380274@SCS123591700116953637732326574,10,TS6HF01,WORKING,3,9,7,CNC1,1,100,HARTFORD_MVP8,1_Hartford_test_ds.nc,AC1D6F56CA0895E083C4CDEB76B133E9
2023-09-22 14:39:49@1695364789918@SCS12359170011695363773277326538,10,TS6HF01,WORKING,3,10,6,CNC1,1,100,HARTFORD_MVP8,1_Hartford_test_ds.nc,F55AAA0EE3DAEB92319F8105BEB512F9
2023-09-22 14:40:05@1695364805979@SCS123591700116953637732326574,10,TS6HF01,WORKING,3,10,7,CNC1,1,100,HARTFORD_MVP8,1_Hartford_test_ds.nc,D54F5A2FE833BDB72C312C3F7D23181B
2023-09-22 14:48:31@1695365311844@SCS1235917001169536494397969,10,TS6HF01,WORKING,3,9,1,CNC1,1,100,HARTFORD_MVP8,1_Hartford_test_ds.nc,DDB18CBAAEF68ABB818C8F5D9264B0D9
2023-09-22 14:48:32@1695365312282@SCS1235917003169536494397931,10,TS6HF01,WORKING,3,9,2,CNC1,1,100,HARTFORD_MVP8,1_Hartford_test_ds.nc,2282A8A63A1433AB748F8E3E83D12E23
2023-09-22 14:48:32@1695365312740@SCS1235917004169536494397958,10,TS6HF01,WORKING,1,9,3,CNC1,1,100,HARTFORD_MVP8,1_Hartford_test_ds.nc,4C2D00AD1129743711EEE4A077EA374D
2023-09-22 14:48:33@1695365313184@SCS1235917005169536494397994,10,TS6HF01,WORKING,1,9,4,CNC1,1,100,HARTFORD_MVP8,1_Hartford_test_ds.nc,0B097998C11345983679DAA546363AD9
2023-09-22 14:53:13@1695365593653@SCS1235917006169536494397960,10,TS6HF01,WORKING,1,9,5,CNC1,1,100,HARTFORD_MVP8,1_Hartford_test_ds.nc,6895E4F01C361E118369CB6694554A89
2023-09-22 14:53:14@1695365594099@SCS123591700116953649439797952,10,TS6HF01,WORKING,3,9,6,CNC1,1,100,HARTFORD_MVP8,1_Hartford_test_ds.nc,9B97F6ABC35CDA280D4234CCB0FE415F
2023-09-22 14:53:14@1695365594535@SCS1235917001169536494397984,10,TS6HF01,WORKING,3,9,7,CNC1,1,100,HARTFORD_MVP8,1_Hartford_test_ds.nc,4F071CDBDF55C06B84DD126B0B390CFF
2023-09-22 14:58:23@1695365903067@SCS1235917001169536494397969,10,TS6HF01,WORKING,3,10,5,CNC1,1,100,HARTFORD_MVP8,1_Hartford_test_ds.nc,16CC80E7317A1146164B56C12AD3B03D
2023-09-22 14:58:37@1695365917840@SCS1235917003169536494397931,10,TS6HF01,WORKING,3,10,6,CNC1,1,100,HARTFORD_MVP8,1_Hartford_test_ds.nc,9A98188B37BB37BC3761B3A0944393A4
2023-09-22 15:02:33@1695366153324@SCS1235917005169536494397994,10,TS6HF01,WORKING,1,9,4,CNC1,1,100,HARTFORD_MVP8,1_Hartford_test_ds.nc,0B097998C11345983679DAA546363AD9
2023-09-22 15:02:33@1695366153770@SCS1235917001169536494397952,10,TS6HF01,WORKING,3,9,8,CNC1,1,100,HARTFORD_MVP8,1_Hartford_test_ds.nc,F1DEFBFF84E063CF944C2A0D7A2E8D0F
2023-09-22 15:02:34@1695366154216@SCS1235917003169536494397942,10,TS6HF01,WORKING,3,9,9,CNC1,1,100,HARTFORD_MVP8,1_Hartford_test_ds.nc,ADDBFEE07D3BEA7429D70747982661A0
2023-09-22 15:02:34@1695366154670@SCS1235917004169536494397991,10,TS6HF01,WORKING,1,9,10,CNC1,1,100,HARTFORD_MVP8,1_Hartford_test_ds.nc,5E39F04F4EFD9A04E8A6D4793B0134EC
2023-09-22 15:08:09@1695366489117@SCS123591700116953649439797952,10,TS6HF01,WORKING,3,10,9,CNC1,1,100,HARTFORD_MVP8,1_Hartford_test_ds.nc,4DA4B1A701F0EC46B22947CCDD618C79
2023-09-22 15:08:24@1695366504899@SCS1235917001169536494397984,10,TS6HF01,WORKING,3,10,10,CNC1,1,100,HARTFORD_MVP8,1_Hartford_test_ds.nc,04782C217D6A1F5414AFB0EF57E5D377
2023-09-22 15:12:27@1695366747514@SCS1235917005169536494397919,10,TS6HF01,WORKING,1,9,11,CNC1,1,100,HARTFORD_MVP8,1_Hartford_test_ds.nc,CBBD61079D95149B16DE60D6B104ED2E
2023-09-22 15:12:28@1695366748659@SCS1235917006169536494397925,10,TS6HF01,WORKING,1,9,12,CNC1,1,100,HARTFORD_MVP8,1_Hartford_test_ds.nc,2DBE8DAA5183361F19996900CD69E46C
2023-09-22 15:12:29@1695366749111@SCS123591700116953649439797975,10,TS6HF01,WORKING,3,9,13,CNC1,1,100,HARTFORD_MVP8,1_Hartford_test_ds.nc,7C4ED97508D203ECA057A4617323BD50
2023-09-22 15:17:23@1695367043617@SCS1235917001169536494397952,10,TS6HF01,WORKING,3,10,12,CNC1,1,100,HARTFORD_MVP8,1_Hartford_test_ds.nc,85DEE24F22C28B3029096FBEC76230AD
2023-09-22 15:17:39@1695367059304@SCS1235917003169536494397942,10,TS6HF01,WORKING,3,10,13,CNC1,1,100,HARTFORD_MVP8,1_Hartford_test_ds.nc,38E7293F4F3D280797598850CE6AB7FD
2023-09-22 15:20:01@1695367201970@SCS1235917004169536494397991,10,TS6HF01,WORKING,1,9,10,CNC1,1,100,HARTFORD_MVP8,1_Hartford_test_ds.nc,5E39F04F4EFD9A04E8A6D4793B0134EC
2023-09-22 15:20:02@1695367202418@SCS123591700116953649439797937,10,TS6HF01,WORKING,3,9,14,CNC1,1,100,HARTFORD_MVP8,1_Hartford_test_ds.nc,7F8E36D892A7671FF93F40E5669D3474
2023-09-22 17:10:45@1695373845366@SCS1235917001169537347565213,10,TS6HF01,WORKING,3,9,1,CNC1,1,100,HARTFORD_MVP8,1_Hartford_test_ds.nc,0AF63E4922C618223B178FAA76F1DE09
2023-09-22 17:10:45@1695373845831@SCS1235917003169537347565275,10,TS6HF01,WORKING,3,9,2,CNC1,1,100,HARTFORD_MVP8,1_Hartford_test_ds.nc,3BC2DE55D0FFB89F5B6D148E371A4FB4
2023-09-22 17:10:46@1695373846275@SCS1235917004169537347565244,10,TS6HF01,WORKING,1,9,3,CNC1,1,100,HARTFORD_MVP8,1_Hartford_test_ds.nc,50BFE565FD0BED73B7F207FBA523833A
2023-09-22 17:10:46@1695373846718@SCS1235917005169537347565290,10,TS6HF01,WORKING,1,9,4,CNC1,1,100,HARTFORD_MVP8,1_Hartford_test_ds.nc,991479387B8EBDA5BEA85A94BF126F51
2023-09-22 17:15:23@1695374123195@SCS123591700616953734756527,10,TS6HF01,WORKING,1,9,5,CNC1,1,100,HARTFORD_MVP8,1_Hartford_test_ds.nc,6C049FDF22B7E54C6F404A885ECDA1B8
2023-09-22 17:15:23@1695374123666@SCS1235917001169537347565245,10,TS6HF01,WORKING,3,9,6,CNC1,1,100,HARTFORD_MVP8,1_Hartford_test_ds.nc,3AD1307C177EFE6EB50DA0361696513B
2023-09-22 17:15:24@1695374124116@SCS1235917001169537347565218,10,TS6HF01,WORKING,3,9,7,CNC1,1,100,HARTFORD_MVP8,1_Hartford_test_ds.nc,A2507386A29DF3F40D1ED095E9D75D9C
2023-09-22 17:20:05@1695374405631@SCS1235917001169537347565213,10,TS6HF01,WORKING,3,10,1,CNC1,1,100,HARTFORD_MVP8,1_Hartford_test_ds.nc,F9646842B5E8A0F09C09FE6A8A140879
2023-09-22 17:20:21@1695374421395@SCS1235917003169537347565275,10,TS6HF01,WORKING,3,10,2,CNC1,1,100,HARTFORD_MVP8,1_Hartford_test_ds.nc,19E387B5409E7D995CF22A4D8D485B3A
2023-09-22 17:25:00@1695374700201@SCS1235917001169537347565279,10,TS6HF01,WORKING,3,9,8,CNC1,1,100,HARTFORD_MVP8,1_Hartford_test_ds.nc,BE6F663ADB5ED27F528D76B7F5B3FB84
2023-09-22 17:25:00@1695374700651@SCS1235917003169537347565227,10,TS6HF01,WORKING,3,9,9,CNC1,1,100,HARTFORD_MVP8,1_Hartford_test_ds.nc,F82CE026CAA83516F9582398F80F3736
2023-09-22 17:25:01@1695374701092@SCS1235917004169537347565298,10,TS6HF01,WORKING,1,9,10,CNC1,1,100,HARTFORD_MVP8,1_Hartford_test_ds.nc,766D3DA5E5D9591D142F3ADC4A8645CE
2023-09-22 17:25:01@1695374701546@SCS1235917005169537347565252,10,TS6HF01,WORKING,1,9,11,CNC1,1,100,HARTFORD_MVP8,1_Hartford_test_ds.nc,99BB0DA783DA3932652AB72D6F94AD6B
2023-09-22 17:30:24@1695375024095@SCS1235917001169537347565245,10,TS6HF01,WORKING,3,10,6,CNC1,1,100,HARTFORD_MVP8,1_Hartford_test_ds.nc,3873B7ACF8D164E908FDB56226BFDF8A
2023-09-22 17:30:40@1695375040170@SCS1235917001169537347565218,10,TS6HF01,WORKING,3,10,7,CNC1,1,100,HARTFORD_MVP8,1_Hartford_test_ds.nc,30E10A76834D815B3781DBE5D31A5710
2023-09-22 17:34:46@1695375286099@SCS1235917006169537347565222,10,TS6HF01,WORKING,1,9,12,CNC1,1,100,HARTFORD_MVP8,1_Hartford_test_ds.nc,A79FCA89E715A416603FBA4849759AD6
2023-09-22 17:34:46@1695375286547@SCS1235917001169537347565210,10,TS6HF01,WORKING,3,9,13,CNC1,1,100,HARTFORD_MVP8,1_Hartford_test_ds.nc,B4347A845C40C4961355218707881418
2023-09-22 17:34:46@1695375286994@SCS1235917001169537347565228,10,TS6HF01,WORKING,3,9,14,CNC1,1,100,HARTFORD_MVP8,1_Hartford_test_ds.nc,2E58AD5CA3C7F7ACEB4AE9F405FAA1C4
2023-09-22 17:39:27@1695375567130@SCS1235917001169537347565279,10,TS6HF01,WORKING,3,10,8,CNC1,1,100,HARTFORD_MVP8,1_Hartford_test_ds.nc,3DBC4B45C8FBCCFBC1C3B6BD7E9B497B
2023-09-22 17:39:42@1695375582898@SCS1235917003169537347565227,10,TS6HF01,WORKING,3,10,9,CNC1,1,100,HARTFORD_MVP8,1_Hartford_test_ds.nc,B7018E7B3FCDBCD661F4273D80407142
2023-09-22 17:45:15@1695375915961@SCS1235917001169537347565210,10,TS6HF01,WORKING,3,10,13,CNC1,1,100,HARTFORD_MVP8,1_Hartford_test_ds.nc,2EBB2E5E731BCC21B170F3AD83CE33A7
2023-09-22 17:45:30@1695375930927@SCS1235917001169537347565228,10,TS6HF01,WORKING,3,10,14,CNC1,1,100,HARTFORD_MVP8,1_Hartford_test_ds.nc,E1D43F6EB8F3F4C2F11892FCF5DCA7BF
