2023-11-24 13:51:40@1700805100252@SCS1235917001170080476728014,11,TS6HF01,WORKING,3,9,1,CNC1,1,100,HARTFORD_MVP8,1_Hartford_test_ds.nc,5C131028141321C51D5431562163286F
2023-11-24 13:51:40@1700805100707@SCS1235917003170080476728079,11,TS6HF01,WORKING,3,9,2,CNC1,1,100,HARTFORD_MVP8,1_Hartford_test_ds.nc,A2C43B54E1C2CBDD8A6679E8585D55C7
2023-11-24 13:51:41@1700805101158@SCS1235917004170080476728098,11,TS6HF01,WORKING,1,9,3,CNC1,1,100,HARTFORD_MVP8,1_Hartford_test_ds.nc,090262664BB710E8BAA5C6B4E1371E0B
2023-11-24 14:24:27@1700807067326@SCS1235917001170080673888235,11,TS6HF01,WORKING,3,9,1,CNC1,1,100,HARTFORD_MVP8,1_Hartford_test_ds.nc,DCA480C7B6837775C7970C9966B9EC50
2023-11-24 14:24:27@1700807067767@SCS123591700317008067388829,11,TS6HF01,WORKING,3,9,2,CNC1,1,100,HARTFORD_MVP8,1_Hartford_test_ds.nc,0C1798CF8EAC35FEA28BAF2B6A053646
2023-11-24 14:24:28@1700807068215@SCS1235917004170080673888266,11,TS6HF01,WORKING,1,9,3,CNC1,1,100,HARTFORD_MVP8,1_Hartford_test_ds.nc,94B7ADA5221B7741EC41F108DD6EC29C
2023-11-24 14:29:52@1700807392174@DGTS001170080673888214,11,TS6HF01,WORKING,1,9,4,CNC1,1,100,HARTFORD_TEST,1_Hartford_test_ds.nc,84336F4E73EC563CEC52366A65EE9ECA
2023-11-24 14:29:52@1700807392619@DGTS0011700806738882145789,11,TS6HF01,WORKING,1,9,5,CNC1,1,100,HARTFORD_TEST,1_Hartford_test_ds.nc,0A94AE2BD562DFCD952A65A8E55B5737
2023-11-24 14:29:53@1700807393064@DGTS00117008067388821498798,11,TS6HF01,WORKING,1,9,6,CNC1,1,100,HARTFORD_TEST,1_Hartford_test_ds.nc,0A62517720AC99DBA8D98A93B290B879
2023-11-24 14:34:28@1700807668481@SCS1235917001170080673888235,11,TS6HF01,WORKING,3,11,1,CNC1,1,100,HARTFORD_MVP8,1_Hartford_test_ds.nc,BDECE821ADD51DDB0B0E64356053E742
2023-11-24 14:34:51@1700807691802@SCS123591700317008067388829,11,TS6HF01,WORKING,3,11,2,CNC1,1,100,HARTFORD_MVP8,1_Hartford_test_ds.nc,78E4977B64584A43D9514D1C17E9BE77
2023-11-24 14:57:59@1700809079339@SCS1235917001170080876939146,11,TS6HF01,WORKING,3,9,1,CNC1,1,100,HARTFORD_MVP8,1_Hartford_test_ds.nc,754E86B8E66C3EC911234CD658C54A05
2023-11-24 14:57:59@1700809079778@SCS1235917003170080876939110,11,TS6HF01,WORKING,3,9,2,CNC1,1,100,HARTFORD_MVP8,1_Hartford_test_ds.nc,4004A20802039702CBD575F67092D993
2023-11-24 14:58:00@1700809080216@SCS1235917004170080876939167,11,TS6HF01,WORKING,1,9,3,CNC1,1,100,HARTFORD_MVP8,1_Hartford_test_ds.nc,3F48EC9577E1BDFD3E8DBF3A8EE31B11
2023-11-24 14:58:00@1700809080651@SCS1235917005170080876939211,11,TS6HF01,WORKING,1,9,4,CNC1,1,100,HARTFORD_MVP8,1_Hartford_test_ds.nc,AE2D7161F8025098FB2C5ABD1FFE9BD7
2023-11-24 16:15:12@1700813712100@SCS1235917001170081326166682,11,TS6HF01,WORKING,3,9,1,CNC1,1,100,HARTFORD_MVP8,1_Hartford_test_ds.nc,EB984CDC830D6DB487129F509AA96CBC
2023-11-24 16:15:12@1700813712543@SCS1235917003170081326166630,11,TS6HF01,WORKING,3,9,2,CNC1,1,100,HARTFORD_MVP8,1_Hartford_test_ds.nc,E39199F106C61FB78EEF072B07F4551B
2023-11-24 16:15:12@1700813712988@SCS1235917004170081326166613,11,TS6HF01,WORKING,1,9,3,CNC1,1,100,HARTFORD_MVP8,1_Hartford_test_ds.nc,38B09C5191298E47EE5B7B522A38AC9F
2023-11-24 17:22:27@1700817747699@SCS1235917001170081731419264,11,TS6HF01,WORKING,3,9,1,CNC1,1,100,HARTFORD_MVP8,1_Hartford_test_ds.nc,005D2F7F81BA0BDC0A1BA2C4E8CA4044
2023-11-24 17:22:28@1700817748140@SCS1235917003170081731419270,11,TS6HF01,WORKING,3,9,2,CNC1,1,100,HARTFORD_MVP8,1_Hartford_test_ds.nc,8C48889BE75B7D571931605C6EFB8087
2023-11-24 17:22:28@1700817748579@SCS1235917004170081731419238,11,TS6HF01,WORKING,1,9,3,CNC1,1,100,HARTFORD_MVP8,1_Hartford_test_ds.nc,7807BE6BFE64E3BE2DCCDBF8C55085AB
2023-11-24 17:28:28@1700818108061@DGTS001170081731419294,11,TS6HF01,WORKING,1,9,4,CNC1,1,100,HARTFORD_TEST,1_Hartford_test_ds.nc,79E2457686A8ED2C94CD04CBD6F534B4
2023-11-24 17:28:28@1700818108499@DGTS001170081731419294546,11,TS6HF01,WORKING,1,9,5,CNC1,1,100,HARTFORD_TEST,1_Hartford_test_ds.nc,F7D1A0EEEAA4BFB9DB8E33DABBA59C2D
2023-11-24 17:28:28@1700818108939@DGTS001170081731419294132654,11,TS6HF01,WORKING,1,9,6,CNC1,1,100,HARTFORD_TEST,1_Hartford_test_ds.nc,AD60E528F7492DAA01C69D1877D2FC0E
2023-11-24 17:28:29@1700818109378@DGTS0011700817314192944698735469,11,TS6HF01,WORKING,1,9,7,CNC1,1,100,HARTFORD_TEST,1_Hartford_test_ds.nc,CE9B0B086C2F1135A2847DC0ECED5B36
2023-11-24 17:33:45@1700818425519@SCS1235917001170081731419264,11,TS6HF01,WORKING,3,11,1,CNC1,1,100,HARTFORD_MVP8,1_Hartford_test_ds.nc,C192CB97E96059418BCEA74B5E920E97
2023-11-24 17:34:01@1700818441806@SCS1235917003170081731419270,11,TS6HF01,WORKING,3,11,2,CNC1,1,100,HARTFORD_MVP8,1_Hartford_test_ds.nc,EB0722A58FBF95397D0C289126C54C1A
