2023-10-12 09:31:16@1697074276673@SCS1235917001169707381847135,10,TS6HF01,WORKING,3,9,1,CNC1,1,100,HARTFORD_MVP8,1_Hartford_test_ds.nc,CDDF9B8D55A03F121774B2F65989AAB9
2023-10-12 09:31:17@1697074277292@SCS1235917003169707381847125,10,TS6HF01,WORKING,3,9,2,CNC1,1,100,HARTFORD_MVP8,1_Hartford_test_ds.nc,CFE11233A244794703ABDBA082CDFB80
2023-10-12 09:31:17@1697074277934@SCS1235917004169707381847156,10,TS6HF01,WORKING,1,9,3,CNC1,1,100,HARTFORD_MVP8,1_Hartford_test_ds.nc,25645A03649948602DD8C10F54A0F370
2023-10-12 09:31:18@1697074278578@SCS1235917005169707381847181,10,TS6HF01,WORKING,1,9,4,CNC1,1,100,HARTFORD_MVP8,1_Hartford_test_ds.nc,DD1EB3F27D744CEEE32345C7E11D10AD
2023-10-12 10:54:15@1697079255564@SCS1235917001169707381847135,10,TS6HF01,WORKING,3,10,1,CNC1,1,100,HARTFORD_MVP8,1_Hartford_test_ds.nc,D1288852E892EE8A8EC59108DE986D51
2023-10-12 10:54:38@1697079278278@SCS1235917003169707381847125,10,TS6HF01,WORKING,3,10,2,CNC1,1,100,HARTFORD_MVP8,1_Hartford_test_ds.nc,8321333F374A75EBEF34F2897416C8B5
2023-10-12 11:36:16@1697081776237@SCS1235917001169708140537213,10,TS6HF01,WORKING,3,9,1,CNC1,1,100,HARTFORD_MVP8,1_Hartford_test_ds.nc,73BD553DA8391E962B88D73C0395DF93
2023-10-12 11:36:16@1697081776801@SCS1235917003169708140537245,10,TS6HF01,WORKING,3,9,2,CNC1,1,100,HARTFORD_MVP8,1_Hartford_test_ds.nc,5603CF73FB4A0D0225523A3A65626B24
2023-10-12 11:36:17@1697081777258@SCS1235917004169708140537292,10,TS6HF01,WORKING,1,9,3,CNC1,1,100,HARTFORD_MVP8,1_Hartford_test_ds.nc,4E370ACDC6A0677DB909A951D83FC749
2023-10-12 11:36:17@1697081777711@SCS1235917005169708140537282,10,TS6HF01,WORKING,1,9,4,CNC1,1,100,HARTFORD_MVP8,1_Hartford_test_ds.nc,49C048B67D79BA39EB8AD97134757CBB
2023-10-12 15:01:51@1697094111596@SCS1235917001169708813625211,10,TS6HF01,WORKING,3,9,1,CNC1,1,100,HARTFORD_MVP8,1_Hartford_test_ds.nc,51D5F7C805A1104893BD36DDDC6AEDA1
2023-10-12 15:01:52@1697094112050@SCS1235917003169708813625237,10,TS6HF01,WORKING,3,9,2,CNC1,1,100,HARTFORD_MVP8,1_Hartford_test_ds.nc,401F3C8C903560400306D7EA68D82541
2023-10-12 15:01:52@1697094112505@SCS1235917004169708813625259,10,TS6HF01,WORKING,1,9,3,CNC1,1,100,HARTFORD_MVP8,1_Hartford_test_ds.nc,CF60E3A58FC937DCC93C17234276767F
2023-10-12 15:01:52@1697094112964@SCS1235917005169708813625257,10,TS6HF01,WORKING,1,9,4,CNC1,1,100,HARTFORD_MVP8,1_Hartford_test_ds.nc,7EFE80391ED0F5A9CABB530916F94E26
2023-10-12 15:09:45@1697094585972@SCS1235917001169709427932621,10,TS6HF01,WORKING,3,9,1,CNC1,1,100,HARTFORD_MVP8,1_Hartford_test_ds.nc,D988E4523AF12A9F339C23F15ACD932F
2023-10-12 15:09:46@1697094586427@SCS1235917003169709427932647,10,TS6HF01,WORKING,3,9,2,CNC1,1,100,HARTFORD_MVP8,1_Hartford_test_ds.nc,5F3B2DE0F15DE5C4C74102C383347C4F
2023-10-12 15:09:46@1697094586879@SCS1235917004169709427932611,10,TS6HF01,WORKING,1,9,3,CNC1,1,100,HARTFORD_MVP8,1_Hartford_test_ds.nc,3492706D1845A2808D73D74AE9B9CEED
2023-10-12 15:09:47@1697094587342@SCS1235917005169709427932695,10,TS6HF01,WORKING,1,9,4,CNC1,1,100,HARTFORD_MVP8,1_Hartford_test_ds.nc,8CACE6F1AA4D9BD76192776CA34E3341
2023-10-12 15:17:55@1697095075749@SCS1235917001169709427932621,10,TS6HF01,WORKING,3,10,1,CNC1,1,100,HARTFORD_MVP8,1_Hartford_test_ds.nc,07678579875349BA607A0735E4951331
2023-10-12 15:18:19@1697095099073@SCS1235917003169709427932647,10,TS6HF01,WORKING,3,10,2,CNC1,1,100,HARTFORD_MVP8,1_Hartford_test_ds.nc,5E0EB233DC579484957267BC742D442D
2023-10-12 15:23:28@1697095408759@SCS1235917006169709427932699,10,TS6HF01,WORKING,1,9,5,CNC1,1,100,HARTFORD_MVP8,1_Hartford_test_ds.nc,FCE6C64BDBCC0D59F1477D1483287CF9
2023-10-12 15:23:29@1697095409213@SCS12359170041697094279932659,10,TS6HF01,WORKING,1,9,6,CNC1,1,100,HARTFORD_MVP8,1_Hartford_test_ds.nc,BE706E7E690EA557D970140B9DEA5EC1
2023-10-12 15:23:29@1697095409657@SCS1235917004169709427932682,10,TS6HF01,WORKING,1,9,7,CNC1,1,100,HARTFORD_MVP8,1_Hartford_test_ds.nc,FF46EA947BDFD3E4ECCE1238D6C2F9A3
2023-10-12 15:23:30@1697095410104@SCS1235917001169709427932621,10,TS6HF01,WORKING,3,9,1,CNC1/CNC1,1/1,100/100,HARTFORD_MVP8/HARTFORD_MVP8,1_Hartford_test_ds.nc/1_Hartford_test_ds.nc,19D95A59FA9A1079CD8CA96835CA650C
2023-10-12 15:38:57@1697096337344@SCS1235917001169709597479854,10,TS6HF01,WORKING,3,9,1,CNC1,1,100,HARTFORD_MVP8,1_Hartford_test_ds.nc,75B3D75D98195EA228C541E8DAD2C83C
2023-10-12 15:38:57@1697096337795@SCS1235917003169709597479813,10,TS6HF01,WORKING,3,9,2,CNC1,1,100,HARTFORD_MVP8,1_Hartford_test_ds.nc,3FAC3314E6670E899EA2EF738423CDBD
2023-10-12 15:38:58@1697096338247@SCS1235917004169709597479858,10,TS6HF01,WORKING,1,9,3,CNC1,1,100,HARTFORD_MVP8,1_Hartford_test_ds.nc,83097F5C43D9FAD27593073BCDD2244E
2023-10-12 15:38:58@1697096338700@SCS123591700516970959747982,10,TS6HF01,WORKING,1,9,4,CNC1,1,100,HARTFORD_MVP8,1_Hartford_test_ds.nc,154EED16B5258F78B194B43B6B04870B
2023-10-12 15:46:47@1697096807414@SCS1235917001169709597479854,10,TS6HF01,WORKING,3,10,1,CNC1,1,100,HARTFORD_MVP8,1_Hartford_test_ds.nc,1C78B30EDC89BD6DE33AC3AE87AB50F3
2023-10-12 15:47:10@1697096830618@SCS1235917003169709597479813,10,TS6HF01,WORKING,3,10,2,CNC1,1,100,HARTFORD_MVP8,1_Hartford_test_ds.nc,9C75C4FCA39CF71EA4F9D90C45F0BC43
2023-10-12 15:52:26@1697097146622@SCS1235917006169709597479821,10,TS6HF01,WORKING,1,9,5,CNC1,1,100,HARTFORD_MVP8,1_Hartford_test_ds.nc,9CC74587E1F5E90A717EF6921EDEF1C2
2023-10-12 15:52:27@1697097147075@SCS12359170011697095988933333,10,TS6HF01,WORKING,3,9,6,CNC1,1,100,HARTFORD_MVP8,1_Hartford_test_ds.nc,E4CA9BF3CB39C0401AA7A89B76BF46E0
2023-10-12 15:52:27@1697097147521@SCS123591700116970959549381,10,TS6HF01,WORKING,3,9,7,CNC1,1,100,HARTFORD_MVP8,1_Hartford_test_ds.nc,B654BF88E917BB24A3321CBB57CAB023
2023-10-12 15:52:27@1697097147981@SCS123591700116970959987631561,10,TS6HF01,WORKING,3,9,8,CNC1,1,100,HARTFORD_MVP8,1_Hartford_test_ds.nc,7F8EF3B2F94DB64220D2FC56F6890A54
2023-10-12 16:00:49@1697097649634@SCS12359170011697095988933333,10,TS6HF01,WORKING,3,10,6,CNC1,1,100,HARTFORD_MVP8,1_Hartford_test_ds.nc,F42C7DE8ED9B0C0CFA3BF5DE3E29C29C
2023-10-12 16:01:13@1697097673362@SCS123591700116970959549381,10,TS6HF01,WORKING,3,10,7,CNC1,1,100,HARTFORD_MVP8,1_Hartford_test_ds.nc,3C66E23D30D8D59DA3FCB0A5D715FDC6
2023-10-12 16:01:37@1697097697681@SCS123591700116970959987631561,10,TS6HF01,WORKING,3,10,8,CNC1,1,100,HARTFORD_MVP8,1_Hartford_test_ds.nc,2E6687B74765DF9AD23447C2D086290E
