2023-09-21 15:31:44@1695281504133@SCS1235917001169528103171739,10,TS6HF01,WORKING,3,9,1,CNC1,1,100,HARTFORD_MVP8,1_Hartford_test_ds.nc,5AD235E69442CF650B9EFFF6DFB3C36F
2023-09-21 15:31:44@1695281504588@SCS1235917003169528103171795,10,TS6HF01,WORKING,3,9,2,CNC1,1,100,HARTFORD_MVP8,1_Hartford_test_ds.nc,F74AF5A1EDD4DC5D7F15FC37349E6E7E
2023-09-21 15:31:45@1695281505043@SCS1235917004169528103171761,10,TS6HF01,WORKING,1,9,3,CNC1,1,100,HARTFORD_MVP8,1_Hartford_test_ds.nc,FF7DF9664E7FE53EB4944B391F9AB86D
2023-09-21 15:48:37@1695282517894@SCS1235917001169528226044456,10,TS6HF01,WORKING,3,9,1,CNC1,1,100,HARTFORD_MVP8,1_Hartford_test_ds.nc,621E8CC06F7060A9B3518FF2AC0A64C6
2023-09-21 15:48:38@1695282518355@SCS1235917003169528226044416,10,TS6HF01,WORKING,3,9,2,CNC1,1,100,HARTFORD_MVP8,1_Hartford_test_ds.nc,1E70A7D414B4BB42AA6DF68D7051719D
2023-09-21 15:48:38@1695282518816@SCS1235917004169528226044418,10,TS6HF01,WORKING,1,9,3,CNC1,1,100,HARTFORD_MVP8,1_Hartford_test_ds.nc,53570CE48BBB3908AEFD7D252ADF2C17
2023-09-21 15:57:59@1695283079386@SCS123591700116952827933229,10,TS6HF01,WORKING,3,9,1,CNC1,1,100,HARTFORD_MVP8,1_Hartford_test_ds.nc,CA68AA571B28B12E1C9ADB2CC62262BC
2023-09-21 15:57:59@1695283079830@SCS1235917003169528279332247,10,TS6HF01,WORKING,3,9,2,CNC1,1,100,HARTFORD_MVP8,1_Hartford_test_ds.nc,98138477C683BDD6CF611E7A8108EBAA
2023-09-21 15:58:00@1695283080298@SCS1235917004169528279332226,10,TS6HF01,WORKING,1,9,3,CNC1,1,100,HARTFORD_MVP8,1_Hartford_test_ds.nc,195E061835E1D2FA6F440157FE7679FC
2023-09-21 16:13:33@1695284013970@SCS1235917001169528375054675,10,TS6HF01,WORKING,3,9,1,CNC1,1,100,HARTFORD_MVP8,1_Hartford_test_ds.nc,DA5B637FD6FF4344CBC6048DCC868EAC
2023-09-21 16:13:34@1695284014444@SCS1235917003169528375054664,10,TS6HF01,WORKING,3,9,2,CNC1,1,100,HARTFORD_MVP8,1_Hartford_test_ds.nc,B23E2F7AE0122FCAFD361070CF0F60E3
2023-09-21 16:13:34@1695284014904@SCS1235917004169528375054623,10,TS6HF01,WORKING,1,9,3,CNC1,1,100,HARTFORD_MVP8,1_Hartford_test_ds.nc,49F25C3DA147A1C13D25909B116AF31C
2023-09-21 16:30:35@1695285035225@SCS1235917001169528473641563,10,TS6HF01,WORKING,3,9,1,CNC1,1,100,HARTFORD_MVP8,1_Hartford_test_ds.nc,DBC079D62305F94521ACB6A8E2AB3793
2023-09-21 16:30:35@1695285035675@SCS1235917003169528473641524,10,TS6HF01,WORKING,3,9,2,CNC1,1,100,HARTFORD_MVP8,1_Hartford_test_ds.nc,DE960AD84456FCCCD5C60102493336DB
2023-09-21 16:30:36@1695285036142@SCS1235917004169528473641550,10,TS6HF01,WORKING,1,9,3,CNC1,1,100,HARTFORD_MVP8,1_Hartford_test_ds.nc,F2579C7DB710ECB5B4C20892E825B665
2023-09-21 16:37:50@1695285470743@SCS1235917001169528473641563,10,TS6HF01,WORKING,3,10,1,CNC1,1,100,HARTFORD_MVP8,1_Hartford_test_ds.nc,F6434154CDFD4C54EC4ED1B79FBC2131
2023-09-21 16:38:06@1695285486510@SCS1235917003169528473641524,10,TS6HF01,WORKING,3,10,2,CNC1,1,100,HARTFORD_MVP8,1_Hartford_test_ds.nc,4447BAF4337AD1C8146A4D4EE60DDA53
2023-09-21 16:42:38@1695285758969@SCS1235917005169528473641515,10,TS6HF01,WORKING,1,9,4,CNC1,1,100,HARTFORD_MVP8,1_Hartford_test_ds.nc,A84BCCC6D0AFC0ADD31B183CEC16ADC1
2023-09-21 16:42:39@1695285759411@SCS1235917006169528473641517,10,TS6HF01,WORKING,1,9,5,CNC1,1,100,HARTFORD_MVP8,1_Hartford_test_ds.nc,80AF40F9F07699006BAB894051880694
2023-09-21 16:42:39@1695285759861@D0000001169528473641531,10,TS6HF01,WORKING,2,9,6,CNC1,1,10,HARTFORD_MVP8,1_Hartford_test_00.nc,1D9117B673B1AAC3287A21772728DF91
