2023-09-21 08:28:40@1695256120400@SCS1235917001169525592196850,TS6HF01,STANDBY,3,CNC1/CNC1/CNC1,1/1/2,100/100/100,HARTFORD_MVP8/HARTFORD_MVP8/HARTFORD_MVP8,1_Hartford_test_ds.nc/2_Hartford_test_00.nc/3_Hartford_test_01.nc,9,1,1,9983C562022BA7227D89F12309C14B3D
2023-09-21 08:28:40@1695256120510@SCS1235917003169525592196882,TS6HF01,STANDBY,3,CNC1/CNC1/CNC1,1/1/1,100/100/100,HARTFORD_MVP8/HARTFORD_MVP8/HARTFORD_MVP8,1_Hartford_test_ds.nc/2_Hartford_test_ds.nc/3_Hartford_test_ds.nc,9,2,1,CF587A8F847EF8AC959435013730C92F
2023-09-21 08:28:40@1695256120612@SCS1235917004169525592196857,TS6HF01,STANDBY,1,CNC1,1,100,HARTFORD_MVP8,1_Hartford_test_ds.nc,9,3,1,4624808C5EFCBF307CE98D5C78FB7FB7
2023-09-21 08:28:40@1695256120716@SCS1235917005169525592196849,TS6HF01,STANDBY,1,CNC1,1,100,HARTFORD_MVP8,1_Hartford_test_ds.nc,9,4,1,287451F96793C8C808DEEA8B18884E74
2023-09-21 08:28:40@1695256120821@SCS1235917006169525592196817,TS6HF01,STANDBY,1,CNC1,1,100,HARTFORD_MVP8,1_Hartford_test_ds.nc,9,5,1,1C05E5623E0F727BEE9537E257EDF573
2023-09-21 08:28:40@1695256120927@D0000001169525592196813,TS6HF01,STANDBY,2,CNC1/CNC1,1/2,10#30/20,HARTFORD_MVP8#Dummy_CNC/Dummy_CNC,1_Hartford_test_00.nc#1_dummy_cnc_01.nc/2_dummy_cnc_01.nc,9,6,1,B527632E8A6FEEA5779894787BBB5FCE
2023-09-21 08:28:41@1695256121031@dwg00116952559219687,TS6HF01,STANDBY,2,CNC1/CNC1,1/2,200/100,Dummy_CNC/Dummy_CNC,1_1_dummy_cnc_01.nc/2_1_dummy_cnc_01.nc,9,7,1,9EC067472E8FE8FF067B2B472E878D66
2023-09-21 08:28:41@1695256121133@SCS1235917001169525592196894,TS6HF01,STANDBY,3,CNC1/CNC1/CNC1,1/1/2,100/100/100,HARTFORD_MVP8/HARTFORD_MVP8/HARTFORD_MVP8,1_Hartford_test_ds.nc/2_Hartford_test_00.nc/3_Hartford_test_01.nc,9,8,1,E924C934E235BA3F9617D8BD88DFD10B
2023-09-21 08:28:41@1695256121234@SCS1235917003169525592196819,TS6HF01,STANDBY,3,CNC1/CNC1/CNC1,1/1/1,100/100/100,HARTFORD_MVP8/HARTFORD_MVP8/HARTFORD_MVP8,1_Hartford_test_ds.nc/2_Hartford_test_ds.nc/3_Hartford_test_ds.nc,9,9,1,D279A5940B29FFFC586E81B521F9B691
2023-09-21 08:28:41@1695256121335@SCS1235917004169525592196846,TS6HF01,STANDBY,1,CNC1,1,100,HARTFORD_MVP8,1_Hartford_test_ds.nc,9,10,1,65BE462FB0955194DE6AA03E75B9D995
2023-09-21 08:28:41@1695256121437@SCS1235917005169525592196894,TS6HF01,STANDBY,1,CNC1,1,100,HARTFORD_MVP8,1_Hartford_test_ds.nc,9,11,1,1E29F2ADF7E458B6B6607761AF27520D
2023-09-21 08:28:41@1695256121539@SCS1235917006169525592196815,TS6HF01,STANDBY,1,CNC1,1,100,HARTFORD_MVP8,1_Hartford_test_ds.nc,9,12,1,CFCF78986FD81907CDB8CEE00872AC3F
2023-09-21 08:28:41@1695256121641@D0000001169525592196883,TS6HF01,STANDBY,2,CNC1/CNC1,1/2,10#30/20,HARTFORD_MVP8#Dummy_CNC/Dummy_CNC,1_Hartford_test_00.nc#1_dummy_cnc_01.nc/2_dummy_cnc_01.nc,9,13,1,4E6C71CCFB8ABF185B99D154A97633CF
2023-09-21 08:28:41@1695256121742@dwg001169525592196815,TS6HF01,STANDBY,2,CNC1/CNC1,1/2,200/100,Dummy_CNC/Dummy_CNC,1_1_dummy_cnc_01.nc/2_1_dummy_cnc_01.nc,9,14,1,5BA8E8044C442FF5BD8F1BABA57DDF02
2023-09-21 08:28:41@1695256121845@dwg001169525592196815,TS6HF01,STANDBY,2,CNC1/CNC1,1/2,200/100,Dummy_CNC/Dummy_CNC,1_1_dummy_cnc_01.nc/2_1_dummy_cnc_01.nc,9,14,0,CCB932323D8A740D6006FA126317A2B1
2023-09-21 16:59:15@1695286755182@SCS1235917001169528672960485,TS6HF01,STANDBY,3,CNC1/CNC1/CNC1,1/1/2,100/100/100,HARTFORD_MVP8/HARTFORD_MVP8/HARTFORD_MVP8,1_Hartford_test_ds.nc/2_Hartford_test_00.nc/3_Hartford_test_01.nc,9,1,1,C8532BF3F354DAD5E10A9D03E0E52320
2023-09-21 16:59:15@1695286755290@SCS123591700316952867296048,TS6HF01,STANDBY,3,CNC1/CNC1/CNC1,1/1/1,100/100/100,HARTFORD_MVP8/HARTFORD_MVP8/HARTFORD_MVP8,1_Hartford_test_ds.nc/2_Hartford_test_ds.nc/3_Hartford_test_ds.nc,9,2,1,C63BDA9BBF0067B285A5EB3939B4F2CB
2023-09-21 16:59:15@1695286755397@SCS1235917004169528672960441,TS6HF01,STANDBY,1,CNC1,1,100,HARTFORD_MVP8,1_Hartford_test_ds.nc,9,3,1,A15B9978887E685B9A06EB0A49075A19
2023-09-21 16:59:15@1695286755501@SCS1235917005169528672960473,TS6HF01,STANDBY,1,CNC1,1,100,HARTFORD_MVP8,1_Hartford_test_ds.nc,9,4,1,F841F1C2E6FEB2F151F8358F50BA3460
2023-09-21 16:59:15@1695286755613@SCS1235917006169528672960490,TS6HF01,STANDBY,1,CNC1,1,100,HARTFORD_MVP8,1_Hartford_test_ds.nc,9,5,1,D686EFDD84B80BBD0D4473F80C27A3A2
2023-09-21 16:59:15@1695286755720@D0000001169528672960484,TS6HF01,STANDBY,2,CNC1/CNC1,1/2,10#30/20,HARTFORD_MVP8#Dummy_CNC/Dummy_CNC,1_Hartford_test_00.nc#1_dummy_cnc_01.nc/2_dummy_cnc_01.nc,9,6,1,0F172A03D666C7EC07F00032CB881161
2023-09-21 16:59:15@1695286755825@dwg001169528672960494,TS6HF01,STANDBY,2,CNC1/CNC1,1/2,200/100,Dummy_CNC/Dummy_CNC,1_1_dummy_cnc_01.nc/2_1_dummy_cnc_01.nc,9,7,1,8E256AF36DDFA4A0C18FED4D5E87A7AC
2023-09-21 16:59:15@1695286755931@SCS1235917001169528672960486,TS6HF01,STANDBY,3,CNC1/CNC1/CNC1,1/1/2,100/100/100,HARTFORD_MVP8/HARTFORD_MVP8/HARTFORD_MVP8,1_Hartford_test_ds.nc/2_Hartford_test_00.nc/3_Hartford_test_01.nc,9,8,1,126FC5A4BA018F7CB1946F59AC9AE6BF
2023-09-21 16:59:16@1695286756035@SCS1235917003169528672960410,TS6HF01,STANDBY,3,CNC1/CNC1/CNC1,1/1/1,100/100/100,HARTFORD_MVP8/HARTFORD_MVP8/HARTFORD_MVP8,1_Hartford_test_ds.nc/2_Hartford_test_ds.nc/3_Hartford_test_ds.nc,9,9,1,763114C379FDDCD30D6BC2A1DAB68B1A
2023-09-21 16:59:16@1695286756143@SCS1235917004169528672960428,TS6HF01,STANDBY,1,CNC1,1,100,HARTFORD_MVP8,1_Hartford_test_ds.nc,9,10,1,BCB75CD6B56ECBF11E63FC3E1FA3A9B5
2023-09-21 16:59:16@1695286756252@SCS1235917005169528672960410,TS6HF01,STANDBY,1,CNC1,1,100,HARTFORD_MVP8,1_Hartford_test_ds.nc,9,11,1,43D9DE61BF5CCF0359A931AEBD85E170
2023-09-21 16:59:16@1695286756356@SCS1235917006169528672960494,TS6HF01,STANDBY,1,CNC1,1,100,HARTFORD_MVP8,1_Hartford_test_ds.nc,9,12,1,93FA74E1D468C1EEF284785442B9707E
2023-09-21 16:59:16@1695286756464@D0000001169528672960449,TS6HF01,STANDBY,2,CNC1/CNC1,1/2,10#30/20,HARTFORD_MVP8#Dummy_CNC/Dummy_CNC,1_Hartford_test_00.nc#1_dummy_cnc_01.nc/2_dummy_cnc_01.nc,9,13,1,3FD2788575A697CC72C720377C98D5C1
2023-09-21 16:59:16@1695286756571@dwg001169528672960474,TS6HF01,STANDBY,2,CNC1/CNC1,1/2,200/100,Dummy_CNC/Dummy_CNC,1_1_dummy_cnc_01.nc/2_1_dummy_cnc_01.nc,9,14,1,B6C80D890F63974C3905F6A2C823E3D1
2023-09-21 16:59:16@1695286756679@dwg001169528672960474,TS6HF01,STANDBY,2,CNC1/CNC1,1/2,200/100,Dummy_CNC/Dummy_CNC,1_1_dummy_cnc_01.nc/2_1_dummy_cnc_01.nc,9,14,0,B72FF5E2BCB97C2D70638DEEAD4A2EF4
