2023-09-06 09:02:48@1693962168355@SCS123591700116939621627437,TS62A,STANDBY,3,CNC1/CNC1/CNC1,1/1/2,100/100/100,HARTFORD_MVP8/HARTFORD_MVP8/HARTFORD_MVP8,1_Hartford_test_ds.nc/2_Hartford_test_00.nc/3_Hartford_test_01.nc,7,1,1,D789D0B9A0F31756D4D8DDE80FAFD205
2023-09-06 09:02:48@1693962168459@SCS1235917003169396216274350,TS62A,STANDBY,3,CNC1/CNC1/CNC1,1/1/1,100/100/100,HARTFORD_MVP8/HARTFORD_MVP8/HARTFORD_MVP8,1_Hartford_test_ds.nc/2_Hartford_test_ds.nc/3_Hartford_test_ds.nc,7,2,1,64AA3FDE63E0E1B6D451FE8847C85E46
2023-09-06 09:02:48@1693962168563@SCS1235917004169396216274386,TS62A,STANDBY,1,CNC1,1,100,HARTFORD_MVP8,1_Hartford_test_ds.nc,7,3,1,74EB5EB64963D4E50389CEADC735E430
2023-09-06 09:02:48@1693962168664@SCS1235917005169396216274363,TS62A,STANDBY,1,CNC1,1,100,HARTFORD_MVP8,1_Hartford_test_ds.nc,7,4,1,8A0EBEA2AA912A79DAA74ED3DCF97890
2023-09-06 09:02:48@1693962168769@SCS1235917006169396216274312,TS62A,STANDBY,1,CNC1,1,100,HARTFORD_MVP8,1_Hartford_test_ds.nc,7,5,1,CD5550BB09CD1656901D2D3B40C33900
2023-09-06 09:02:48@1693962168871@D0000001169396216274395,TS62A,STANDBY,2,CNC1/CNC1,1/2,10#30/20,HARTFORD_MVP8#Dummy_CNC/Dummy_CNC,1_Hartford_test_00.nc#1_dummy_cnc_01.nc/2_dummy_cnc_01.nc,7,6,1,516954D0635348795836A64BC0F23CDF
2023-09-06 09:02:48@1693962168972@dwg001169396216274330,TS62A,STANDBY,2,CNC1/CNC1,1/2,200/100,Dummy_CNC/Dummy_CNC,1_1_dummy_cnc_01.nc/2_1_dummy_cnc_01.nc,7,7,1,7816B904866A645C6AB0BB9115C542DE
2023-09-06 09:02:49@1693962169074@SCS1235917001169396216274346,TS62A,STANDBY,3,CNC1/CNC1/CNC1,1/1/2,100/100/100,HARTFORD_MVP8/HARTFORD_MVP8/HARTFORD_MVP8,1_Hartford_test_ds.nc/2_Hartford_test_00.nc/3_Hartford_test_01.nc,7,8,1,3C9BD83974864FC79F4CEB508F2EB8F6
2023-09-06 09:02:49@1693962169176@SCS123591700316939621627430,TS62A,STANDBY,3,CNC1/CNC1/CNC1,1/1/1,100/100/100,HARTFORD_MVP8/HARTFORD_MVP8/HARTFORD_MVP8,1_Hartford_test_ds.nc/2_Hartford_test_ds.nc/3_Hartford_test_ds.nc,7,9,1,E6C7C821EF5857C85AA47E64C5919523
2023-09-06 09:02:49@1693962169277@SCS1235917004169396216274384,TS62A,STANDBY,1,CNC1,1,100,HARTFORD_MVP8,1_Hartford_test_ds.nc,7,10,1,EEE5C34457E0E90653ED8BCA09534F8C
2023-09-06 09:02:49@1693962169378@SCS1235917005169396216274343,TS62A,STANDBY,1,CNC1,1,100,HARTFORD_MVP8,1_Hartford_test_ds.nc,7,11,1,0B60889E3EE9ED1A40B556060113DBEF
2023-09-06 09:02:49@1693962169480@SCS1235917006169396216274348,TS62A,STANDBY,1,CNC1,1,100,HARTFORD_MVP8,1_Hartford_test_ds.nc,7,12,1,0538181A9A64495D8CAD2473F5334C13
2023-09-06 09:02:49@1693962169583@D0000001169396216274399,TS62A,STANDBY,2,CNC1/CNC1,1/2,10#30/20,HARTFORD_MVP8#Dummy_CNC/Dummy_CNC,1_Hartford_test_00.nc#1_dummy_cnc_01.nc/2_dummy_cnc_01.nc,7,13,1,6439C30B00FABA269C73B3DB80FCC657
2023-09-06 09:02:49@1693962169683@dwg001169396216274390,TS62A,STANDBY,2,CNC1/CNC1,1/2,200/100,Dummy_CNC/Dummy_CNC,1_1_dummy_cnc_01.nc/2_1_dummy_cnc_01.nc,7,14,1,5B73880E1E8C9FE419977FCAC838552A
2023-09-06 09:02:49@1693962169785@dwg001169396216274390,TS62A,STANDBY,2,CNC1/CNC1,1/2,200/100,Dummy_CNC/Dummy_CNC,1_1_dummy_cnc_01.nc/2_1_dummy_cnc_01.nc,7,14,0,057DF0F3B0FE05B341CF9D6BBE071670
2023-09-06 09:09:33@1693962573923@SCS1235917001169396256660727,TS62A,STANDBY,3,CNC1/CNC1/CNC1,1/1/2,100/100/100,HARTFORD_MVP8/HARTFORD_MVP8/HARTFORD_MVP8,1_Hartford_test_ds.nc/2_Hartford_test_00.nc/3_Hartford_test_01.nc,7,1,1,7F1B27B8E12138E6F24749DA939E2CCA
2023-09-06 09:09:34@1693962574930@SCS123591700316939625666074,TS62A,STANDBY,3,CNC1/CNC1/CNC1,1/1/1,100/100/100,HARTFORD_MVP8/HARTFORD_MVP8/HARTFORD_MVP8,1_Hartford_test_ds.nc/2_Hartford_test_ds.nc/3_Hartford_test_ds.nc,7,2,1,A16B2AEDD9173B8FF73F4FE4C9EA50B4
2023-09-06 09:09:35@1693962575937@SCS1235917004169396256660766,TS62A,STANDBY,1,CNC1,1,100,HARTFORD_MVP8,1_Hartford_test_ds.nc,7,3,1,654558F6F4394DB5ABD17E2BAB155C48
2023-09-06 09:09:36@1693962576945@SCS1235917005169396256660732,TS62A,STANDBY,1,CNC1,1,100,HARTFORD_MVP8,1_Hartford_test_ds.nc,7,4,1,09D6915E9FB16DDB66DC8F70E0B889A4
2023-09-06 09:09:37@1693962577952@SCS1235917006169396256660710,TS62A,STANDBY,1,CNC1,1,100,HARTFORD_MVP8,1_Hartford_test_ds.nc,7,5,1,59155845868DDB98BF99CF683ACC7251
2023-09-06 09:09:38@1693962578959@D0000001169396256660718,TS62A,STANDBY,2,CNC1/CNC1,1/2,10#30/20,HARTFORD_MVP8#Dummy_CNC/Dummy_CNC,1_Hartford_test_00.nc#1_dummy_cnc_01.nc/2_dummy_cnc_01.nc,7,6,1,C61B8FFC714A7EC042D6C7EA10F02513
2023-09-06 09:09:39@1693962579966@dwg001169396256660710,TS62A,STANDBY,2,CNC1/CNC1,1/2,200/100,Dummy_CNC/Dummy_CNC,1_1_dummy_cnc_01.nc/2_1_dummy_cnc_01.nc,7,7,1,ACD2C42B8A6E38280EEC4B5C60594692
2023-09-06 09:09:40@1693962580973@SCS1235917001169396256660723,TS62A,STANDBY,3,CNC1/CNC1/CNC1,1/1/2,100/100/100,HARTFORD_MVP8/HARTFORD_MVP8/HARTFORD_MVP8,1_Hartford_test_ds.nc/2_Hartford_test_00.nc/3_Hartford_test_01.nc,7,8,1,CC519BECD94004B8DF43B82315411E6E
2023-09-06 09:09:41@1693962581981@SCS1235917003169396256660725,TS62A,STANDBY,3,CNC1/CNC1/CNC1,1/1/1,100/100/100,HARTFORD_MVP8/HARTFORD_MVP8/HARTFORD_MVP8,1_Hartford_test_ds.nc/2_Hartford_test_ds.nc/3_Hartford_test_ds.nc,7,9,1,934D02B21DC2BF7C2715C31B49494F84
2023-09-06 09:09:42@1693962582989@SCS1235917004169396256660714,TS62A,STANDBY,1,CNC1,1,100,HARTFORD_MVP8,1_Hartford_test_ds.nc,7,10,1,066E304EB74A40D1CCA0FE534CA71138
2023-09-06 09:09:43@1693962583997@SCS1235917005169396256660769,TS62A,STANDBY,1,CNC1,1,100,HARTFORD_MVP8,1_Hartford_test_ds.nc,7,11,1,DCA5E3A804EE5CB2791CF336A612F57D
2023-09-06 09:09:45@1693962585003@SCS1235917006169396256660764,TS62A,STANDBY,1,CNC1,1,100,HARTFORD_MVP8,1_Hartford_test_ds.nc,7,12,1,8AC30FD51A6590693FCD002965A6F802
2023-09-06 09:09:46@1693962586008@D0000001169396256660712,TS62A,STANDBY,2,CNC1/CNC1,1/2,10#30/20,HARTFORD_MVP8#Dummy_CNC/Dummy_CNC,1_Hartford_test_00.nc#1_dummy_cnc_01.nc/2_dummy_cnc_01.nc,7,13,1,17F13F25FE6AD1206147975ED379BF42
2023-09-06 09:09:47@1693962587015@dwg001169396256660744,TS62A,STANDBY,2,CNC1/CNC1,1/2,200/100,Dummy_CNC/Dummy_CNC,1_1_dummy_cnc_01.nc/2_1_dummy_cnc_01.nc,7,14,1,AB9D1BD478B16FCF8625E5FC23D43389
2023-09-06 09:09:48@1693962588025@dwg001169396256660744,TS62A,STANDBY,2,CNC1/CNC1,1/2,200/100,Dummy_CNC/Dummy_CNC,1_1_dummy_cnc_01.nc/2_1_dummy_cnc_01.nc,7,14,0,A854542E19A44A8C0B9CE6F578CE142E
2023-09-06 10:28:42@1693967322490@SCS123591700116939673178120,TS6HF01,STANDBY,3,CNC1/CNC1/CNC1,1/1/2,100/100/100,HARTFORD_MVP8/HARTFORD_MVP8/HARTFORD_MVP8,1_Hartford_test_ds.nc/2_Hartford_test_00.nc/3_Hartford_test_01.nc,9,1,1,62D043C0FD10390DFC1290DB2115FC2B
2023-09-06 10:28:43@1693967323501@SCS1235917003169396731781236,TS6HF01,STANDBY,3,CNC1/CNC1/CNC1,1/1/1,100/100/100,HARTFORD_MVP8/HARTFORD_MVP8/HARTFORD_MVP8,1_Hartford_test_ds.nc/2_Hartford_test_ds.nc/3_Hartford_test_ds.nc,9,2,1,5236EEDCFA5DFC9F8CE9FA7943F43618
2023-09-06 10:28:44@1693967324510@SCS1235917004169396731781254,TS6HF01,STANDBY,1,CNC1,1,100,HARTFORD_MVP8,1_Hartford_test_ds.nc,9,3,1,7C1112D443B695871B17431453904A2E
2023-09-06 10:28:45@1693967325520@SCS123591700516939673178123,TS6HF01,STANDBY,1,CNC1,1,100,HARTFORD_MVP8,1_Hartford_test_ds.nc,9,4,1,7517BD89AAB63960C0F56E8B762CE038
2023-09-06 10:28:46@1693967326531@SCS1235917006169396731781285,TS6HF01,STANDBY,1,CNC1,1,100,HARTFORD_MVP8,1_Hartford_test_ds.nc,9,5,1,B33D9DD2FC934C19589731A0753A44DC
2023-09-06 10:28:47@1693967327537@D0000001169396731781223,TS6HF01,STANDBY,2,CNC1/CNC1,1/2,10#30/20,HARTFORD_MVP8#Dummy_CNC/Dummy_CNC,1_Hartford_test_00.nc#1_dummy_cnc_01.nc/2_dummy_cnc_01.nc,9,6,1,E177CE3C55D6C348B341023D45660FF6
2023-09-06 10:28:48@1693967328542@dwg001169396731781249,TS6HF01,STANDBY,2,CNC1/CNC1,1/2,200/100,Dummy_CNC/Dummy_CNC,1_1_dummy_cnc_01.nc/2_1_dummy_cnc_01.nc,9,7,1,CB15A2C3E0EB01E4DE1B7792E1DB4B95
2023-09-06 10:28:49@1693967329550@SCS1235917001169396731781264,TS6HF01,STANDBY,3,CNC1/CNC1/CNC1,1/1/2,100/100/100,HARTFORD_MVP8/HARTFORD_MVP8/HARTFORD_MVP8,1_Hartford_test_ds.nc/2_Hartford_test_00.nc/3_Hartford_test_01.nc,9,8,1,1CDE4B8055173DA6620E0CE81CE8A9F7
2023-09-06 10:28:50@1693967330555@SCS1235917003169396731781223,TS6HF01,STANDBY,3,CNC1/CNC1/CNC1,1/1/1,100/100/100,HARTFORD_MVP8/HARTFORD_MVP8/HARTFORD_MVP8,1_Hartford_test_ds.nc/2_Hartford_test_ds.nc/3_Hartford_test_ds.nc,9,9,1,B097B3A857A4056981BABC5B2A39552A
2023-09-06 10:28:51@1693967331559@SCS1235917004169396731781224,TS6HF01,STANDBY,1,CNC1,1,100,HARTFORD_MVP8,1_Hartford_test_ds.nc,9,10,1,68B23E65F80CFAA38A16E40C38E3B81A
2023-09-06 10:28:52@1693967332567@SCS1235917005169396731781285,TS6HF01,STANDBY,1,CNC1,1,100,HARTFORD_MVP8,1_Hartford_test_ds.nc,9,11,1,81B356DACD7CA111A10FFBB83165D07F
2023-09-06 10:28:53@1693967333577@SCS1235917006169396731781295,TS6HF01,STANDBY,1,CNC1,1,100,HARTFORD_MVP8,1_Hartford_test_ds.nc,9,12,1,80AD71EA9182C956CC7F483ED261DC91
2023-09-06 10:28:54@1693967334582@D0000001169396731781266,TS6HF01,STANDBY,2,CNC1/CNC1,1/2,10#30/20,HARTFORD_MVP8#Dummy_CNC/Dummy_CNC,1_Hartford_test_00.nc#1_dummy_cnc_01.nc/2_dummy_cnc_01.nc,9,13,1,9CF911AB946E7CB7AAE8861BB46712A0
2023-09-06 10:28:55@1693967335589@dwg001169396731781224,TS6HF01,STANDBY,2,CNC1/CNC1,1/2,200/100,Dummy_CNC/Dummy_CNC,1_1_dummy_cnc_01.nc/2_1_dummy_cnc_01.nc,9,14,1,3702A924D27F254212B0F6DBD7085FEA
2023-09-06 10:28:56@1693967336595@dwg001169396731781224,TS6HF01,STANDBY,2,CNC1/CNC1,1/2,200/100,Dummy_CNC/Dummy_CNC,1_1_dummy_cnc_01.nc/2_1_dummy_cnc_01.nc,9,14,0,77CD235C574263E3D2C4E7B1D2D03BB5
2023-09-06 10:29:20@1693967360639@SCS1235917001169396735118039,TS6HF01,STANDBY,3,CNC1/CNC1/CNC1,1/1/2,100/100/100,HARTFORD_MVP8/HARTFORD_MVP8/HARTFORD_MVP8,1_Hartford_test_ds.nc/2_Hartford_test_00.nc/3_Hartford_test_01.nc,9,1,1,297F9AC3FAD096CC3033FDE87F2A0295
2023-09-06 10:29:30@1693967370720@SCS1235917003169396735118019,TS6HF01,STANDBY,3,CNC1/CNC1/CNC1,1/1/1,100/100/100,HARTFORD_MVP8/HARTFORD_MVP8/HARTFORD_MVP8,1_Hartford_test_ds.nc/2_Hartford_test_ds.nc/3_Hartford_test_ds.nc,9,2,1,E525E61BE9FDD8F8072E76B5A3BBEB98
2023-09-06 10:29:40@1693967380885@SCS1235917004169396735118041,TS6HF01,STANDBY,1,CNC1,1,100,HARTFORD_MVP8,1_Hartford_test_ds.nc,9,3,1,30288497BBA65E3E45D0D4536CD0F669
2023-09-06 10:29:51@1693967391064@SCS1235917005169396735118096,TS6HF01,STANDBY,1,CNC1,1,100,HARTFORD_MVP8,1_Hartford_test_ds.nc,9,4,1,F981E2B2CC6367ECC2D43F0E203A0F50
2023-09-06 10:30:01@1693967401204@SCS1235917006169396735118029,TS6HF01,STANDBY,1,CNC1,1,100,HARTFORD_MVP8,1_Hartford_test_ds.nc,9,5,1,BE0944857EC8B8C5C0834C418564D6D8
2023-09-06 10:30:09@1693967409193@D0000001169396735118086,TS6HF01,STANDBY,2,CNC1/CNC1,1/2,10#30/20,HARTFORD_MVP8#Dummy_CNC/Dummy_CNC,1_Hartford_test_00.nc#1_dummy_cnc_01.nc/2_dummy_cnc_01.nc,9,6,1,7A824F9E8BF0F1B46691F3021BAF7482
2023-09-06 10:30:13@1693967413615@dwg001169396735118039,TS6HF01,STANDBY,2,CNC1/CNC1,1/2,200/100,Dummy_CNC/Dummy_CNC,1_1_dummy_cnc_01.nc/2_1_dummy_cnc_01.nc,9,7,1,F1AF250AA8EC6CCD365E65939954408C
2023-09-06 10:30:18@1693967418644@SCS1235917001169396735118073,TS6HF01,STANDBY,3,CNC1/CNC1/CNC1,1/1/2,100/100/100,HARTFORD_MVP8/HARTFORD_MVP8/HARTFORD_MVP8,1_Hartford_test_ds.nc/2_Hartford_test_00.nc/3_Hartford_test_01.nc,9,8,1,0DAC18FEFB348BA0A2E2AD23F799D87A
2023-09-06 10:30:20@1693967420353@SCS1235917003169396735118062,TS6HF01,STANDBY,3,CNC1/CNC1/CNC1,1/1/1,100/100/100,HARTFORD_MVP8/HARTFORD_MVP8/HARTFORD_MVP8,1_Hartford_test_ds.nc/2_Hartford_test_ds.nc/3_Hartford_test_ds.nc,9,9,1,AF5C9D85E6BF84464F2DB8AE8E99DC61
2023-09-06 10:30:21@1693967421459@SCS1235917004169396735118014,TS6HF01,STANDBY,1,CNC1,1,100,HARTFORD_MVP8,1_Hartford_test_ds.nc,9,10,1,DA0B22A58BB33CCD52EBAC1332682D04
2023-09-06 10:30:25@1693967425285@SCS1235917005169396735118046,TS6HF01,STANDBY,1,CNC1,1,100,HARTFORD_MVP8,1_Hartford_test_ds.nc,9,11,1,CC658B5DDD61000AF0755DBEBCFAB351
2023-09-06 10:30:25@1693967425386@SCS1235917006169396735118082,TS6HF01,STANDBY,1,CNC1,1,100,HARTFORD_MVP8,1_Hartford_test_ds.nc,9,12,1,8604855F94130B0BC81F59C86742B7BD
2023-09-06 10:30:25@1693967425495@D000000116939673511802,TS6HF01,STANDBY,2,CNC1/CNC1,1/2,10#30/20,HARTFORD_MVP8#Dummy_CNC/Dummy_CNC,1_Hartford_test_00.nc#1_dummy_cnc_01.nc/2_dummy_cnc_01.nc,9,13,1,E17F2DA69ED93D2B4F0DD49B711C7EA0
2023-09-06 10:30:25@1693967425599@dwg001169396735118010,TS6HF01,STANDBY,2,CNC1/CNC1,1/2,200/100,Dummy_CNC/Dummy_CNC,1_1_dummy_cnc_01.nc/2_1_dummy_cnc_01.nc,9,14,1,D3AFACDC0C44FAC3A48D7D067CEDB39B
2023-09-06 10:30:25@1693967425704@dwg001169396735118010,TS6HF01,STANDBY,2,CNC1/CNC1,1/2,200/100,Dummy_CNC/Dummy_CNC,1_1_dummy_cnc_01.nc/2_1_dummy_cnc_01.nc,9,14,0,8FCBE05AE2768CD3E4D7C2BFBB588969
2023-09-06 11:03:42@1693969422740@SCS1235917001169396942175950,TS6HF01,STANDBY,3,CNC1/CNC1/CNC1,1/1/2,100/100/100,HARTFORD_MVP8/HARTFORD_MVP8/HARTFORD_MVP8,1_Hartford_test_ds.nc/2_Hartford_test_00.nc/3_Hartford_test_01.nc,9,1,1,220531C6090B609A754729318CDEB267
2023-09-06 11:03:42@1693969422845@SCS1235917003169396942175939,TS6HF01,STANDBY,3,CNC1/CNC1/CNC1,1/1/1,100/100/100,HARTFORD_MVP8/HARTFORD_MVP8/HARTFORD_MVP8,1_Hartford_test_ds.nc/2_Hartford_test_ds.nc/3_Hartford_test_ds.nc,9,2,1,1E4D0DFED5A36BD8A009760F4A781D0B
2023-09-06 11:03:42@1693969422952@SCS1235917004169396942175937,TS6HF01,STANDBY,1,CNC1,1,100,HARTFORD_MVP8,1_Hartford_test_ds.nc,9,3,1,0B45EC363B67E9D3E1752153995FA5AA
2023-09-06 11:03:43@1693969423058@SCS1235917005169396942175970,TS6HF01,STANDBY,1,CNC1,1,100,HARTFORD_MVP8,1_Hartford_test_ds.nc,9,4,1,8B2B9E800ED30C8A4351DF5B8159AB61
2023-09-06 11:03:43@1693969423163@SCS123591700616939694217598,TS6HF01,STANDBY,1,CNC1,1,100,HARTFORD_MVP8,1_Hartford_test_ds.nc,9,5,1,FFC50EA73B04627D32E50670F36F42D7
2023-09-06 11:03:43@1693969423269@D0000001169396942175958,TS6HF01,STANDBY,2,CNC1/CNC1,1/2,10#30/20,HARTFORD_MVP8#Dummy_CNC/Dummy_CNC,1_Hartford_test_00.nc#1_dummy_cnc_01.nc/2_dummy_cnc_01.nc,9,6,1,813354848001D9F4BEBF395755DCA352
2023-09-06 11:03:43@1693969423375@dwg001169396942175934,TS6HF01,STANDBY,2,CNC1/CNC1,1/2,200/100,Dummy_CNC/Dummy_CNC,1_1_dummy_cnc_01.nc/2_1_dummy_cnc_01.nc,9,7,1,6E8074D46D8D5F63E3A42AA1D74FF4FC
2023-09-06 11:03:43@1693969423478@SCS1235917001169396942175941,TS6HF01,STANDBY,3,CNC1/CNC1/CNC1,1/1/2,100/100/100,HARTFORD_MVP8/HARTFORD_MVP8/HARTFORD_MVP8,1_Hartford_test_ds.nc/2_Hartford_test_00.nc/3_Hartford_test_01.nc,9,8,1,8E8D49B6FA10D483DCA249F13031DFFF
2023-09-06 11:03:43@1693969423583@SCS1235917003169396942175967,TS6HF01,STANDBY,3,CNC1/CNC1/CNC1,1/1/1,100/100/100,HARTFORD_MVP8/HARTFORD_MVP8/HARTFORD_MVP8,1_Hartford_test_ds.nc/2_Hartford_test_ds.nc/3_Hartford_test_ds.nc,9,9,1,5AE0DF2820A05C4C3C9DD9732CC22073
2023-09-06 11:03:43@1693969423693@SCS123591700416939694217594,TS6HF01,STANDBY,1,CNC1,1,100,HARTFORD_MVP8,1_Hartford_test_ds.nc,9,10,1,3D17464759E70DF110F487D88F33BBC1
2023-09-06 11:03:43@1693969423804@SCS1235917005169396942175953,TS6HF01,STANDBY,1,CNC1,1,100,HARTFORD_MVP8,1_Hartford_test_ds.nc,9,11,1,06211ABFA589F8AF34CC7510604917AE
2023-09-06 11:03:43@1693969423908@SCS1235917006169396942175980,TS6HF01,STANDBY,1,CNC1,1,100,HARTFORD_MVP8,1_Hartford_test_ds.nc,9,12,1,009687C0B02931F4B928A44874D5F97D
2023-09-06 11:03:44@1693969424012@D0000001169396942175979,TS6HF01,STANDBY,2,CNC1/CNC1,1/2,10#30/20,HARTFORD_MVP8#Dummy_CNC/Dummy_CNC,1_Hartford_test_00.nc#1_dummy_cnc_01.nc/2_dummy_cnc_01.nc,9,13,1,7F6D45217C34B75418BE0F441A2C1799
2023-09-06 11:03:44@1693969424121@dwg00116939694217593,TS6HF01,STANDBY,2,CNC1/CNC1,1/2,200/100,Dummy_CNC/Dummy_CNC,1_1_dummy_cnc_01.nc/2_1_dummy_cnc_01.nc,9,14,1,9DF6C4FB1B522788E0B03E9F7FE2118D
2023-09-06 11:03:44@1693969424228@dwg00116939694217593,TS6HF01,STANDBY,2,CNC1/CNC1,1/2,200/100,Dummy_CNC/Dummy_CNC,1_1_dummy_cnc_01.nc/2_1_dummy_cnc_01.nc,9,14,0,F0F2B101659E2978E9B048D5FF93A2BE
2023-09-06 13:59:57@1693979997638@SCS1235917001169397999539481,TS6HF01,STANDBY,3,CNC1/CNC1/CNC1,1/1/2,100/100/100,HARTFORD_MVP8/HARTFORD_MVP8/HARTFORD_MVP8,1_Hartford_test_ds.nc/2_Hartford_test_00.nc/3_Hartford_test_01.nc,9,1,1,728900CD203560264F80AB8356066A46
2023-09-06 13:59:57@1693979997747@SCS1235917003169397999539436,TS6HF01,STANDBY,3,CNC1/CNC1/CNC1,1/1/1,100/100/100,HARTFORD_MVP8/HARTFORD_MVP8/HARTFORD_MVP8,1_Hartford_test_ds.nc/2_Hartford_test_ds.nc/3_Hartford_test_ds.nc,9,2,1,D44586EAC4844097777F31C904384836
2023-09-06 13:59:57@1693979997855@SCS1235917004169397999539447,TS6HF01,STANDBY,1,CNC1,1,100,HARTFORD_MVP8,1_Hartford_test_ds.nc,9,3,1,D330667C629360A0B8A11BFFED8AFDD4
2023-09-06 13:59:57@1693979997959@SCS1235917005169397999539430,TS6HF01,STANDBY,1,CNC1,1,100,HARTFORD_MVP8,1_Hartford_test_ds.nc,9,4,1,7F8A4058783EB71ABDD97244564BDA0A
2023-09-06 13:59:58@1693979998064@SCS123591700616939799953943,TS6HF01,STANDBY,1,CNC1,1,100,HARTFORD_MVP8,1_Hartford_test_ds.nc,9,5,1,527B29D2FE0DF7B2E2BEE51D9F833D2B
2023-09-06 13:59:58@1693979998167@D0000001169397999539416,TS6HF01,STANDBY,2,CNC1/CNC1,1/2,10#30/20,HARTFORD_MVP8#Dummy_CNC/Dummy_CNC,1_Hartford_test_00.nc#1_dummy_cnc_01.nc/2_dummy_cnc_01.nc,9,6,1,F23F9C916185FDF241832F32155313B2
2023-09-06 13:59:58@1693979998273@dwg00116939799953943,TS6HF01,STANDBY,2,CNC1/CNC1,1/2,200/100,Dummy_CNC/Dummy_CNC,1_1_dummy_cnc_01.nc/2_1_dummy_cnc_01.nc,9,7,1,AE9F9EB20DDAFFE716DA7C563B9091F1
2023-09-06 13:59:58@1693979998377@SCS1235917001169397999539486,TS6HF01,STANDBY,3,CNC1/CNC1/CNC1,1/1/2,100/100/100,HARTFORD_MVP8/HARTFORD_MVP8/HARTFORD_MVP8,1_Hartford_test_ds.nc/2_Hartford_test_00.nc/3_Hartford_test_01.nc,9,8,1,986EEE685334F121B51BC3188F3B4B5C
2023-09-06 13:59:58@1693979998481@SCS1235917003169397999539420,TS6HF01,STANDBY,3,CNC1/CNC1/CNC1,1/1/1,100/100/100,HARTFORD_MVP8/HARTFORD_MVP8/HARTFORD_MVP8,1_Hartford_test_ds.nc/2_Hartford_test_ds.nc/3_Hartford_test_ds.nc,9,9,1,00EEEFB1C98CBD78EA3F588CCE5EB38B
2023-09-06 13:59:58@1693979998585@SCS1235917004169397999539483,TS6HF01,STANDBY,1,CNC1,1,100,HARTFORD_MVP8,1_Hartford_test_ds.nc,9,10,1,9E2B3A6579CBD878565D046215E323B9
2023-09-06 13:59:58@1693979998695@SCS1235917005169397999539410,TS6HF01,STANDBY,1,CNC1,1,100,HARTFORD_MVP8,1_Hartford_test_ds.nc,9,11,1,23222BAD3302247DB8901AFEC5A04C51
2023-09-06 13:59:58@1693979998799@SCS1235917006169397999539412,TS6HF01,STANDBY,1,CNC1,1,100,HARTFORD_MVP8,1_Hartford_test_ds.nc,9,12,1,A31CEEA641007304BFA496A780BE6DBD
2023-09-06 13:59:58@1693979998910@D0000001169397999539477,TS6HF01,STANDBY,2,CNC1/CNC1,1/2,10#30/20,HARTFORD_MVP8#Dummy_CNC/Dummy_CNC,1_Hartford_test_00.nc#1_dummy_cnc_01.nc/2_dummy_cnc_01.nc,9,13,1,5D756C6EB64017EF92D35E133875AE17
2023-09-06 13:59:59@1693979999017@dwg001169397999539429,TS6HF01,STANDBY,2,CNC1/CNC1,1/2,200/100,Dummy_CNC/Dummy_CNC,1_1_dummy_cnc_01.nc/2_1_dummy_cnc_01.nc,9,14,1,BD3586DACA4CB6ED420C9F58283BF032
2023-09-06 13:59:59@1693979999125@dwg001169397999539429,TS6HF01,STANDBY,2,CNC1/CNC1,1/2,200/100,Dummy_CNC/Dummy_CNC,1_1_dummy_cnc_01.nc/2_1_dummy_cnc_01.nc,9,14,0,E73A2B24FBC5AA6CE7F87232D7BF5A1B
2023-09-06 18:03:00@1693994580075@SCS1235917001169399457920683,TS62A,STANDBY,3,CNC1/CNC1/CNC1,1/1/2,100/100/100,HARTFORD_MVP8/HARTFORD_MVP8/HARTFORD_MVP8,1_Hartford_test_ds.nc/2_Hartford_test_00.nc/3_Hartford_test_01.nc,7,1,1,C11F04FBD64C2F5759E4751B496C936C
2023-09-06 18:03:01@1693994581081@SCS1235917003169399457920651,TS62A,STANDBY,3,CNC1/CNC1/CNC1,1/1/1,100/100/100,HARTFORD_MVP8/HARTFORD_MVP8/HARTFORD_MVP8,1_Hartford_test_ds.nc/2_Hartford_test_ds.nc/3_Hartford_test_ds.nc,7,2,1,65C31F218D54344C19D5B21AB7E56EF3
2023-09-06 18:03:02@1693994582086@SCS1235917004169399457920627,TS62A,STANDBY,1,CNC1,1,100,HARTFORD_MVP8,1_Hartford_test_ds.nc,7,3,1,4196392E0A712954902CBEAFE20FF9EF
2023-09-06 18:03:03@1693994583092@SCS1235917005169399457920651,TS62A,STANDBY,1,CNC1,1,100,HARTFORD_MVP8,1_Hartford_test_ds.nc,7,4,1,587DC157237EE34B7CC4013A908C7A6E
2023-09-06 18:03:04@1693994584103@SCS1235917006169399457920691,TS62A,STANDBY,1,CNC1,1,100,HARTFORD_MVP8,1_Hartford_test_ds.nc,7,5,1,113031DEF900F7BD18215AB1918E9730
2023-09-06 18:03:05@1693994585108@D0000001169399457920638,TS62A,STANDBY,2,CNC1/CNC1,1/2,10#30/20,HARTFORD_MVP8#Dummy_CNC/Dummy_CNC,1_Hartford_test_00.nc#1_dummy_cnc_01.nc/2_dummy_cnc_01.nc,7,6,1,11B0F303EE5C40C4F6924996F9FF3B8B
2023-09-06 18:03:06@1693994586113@dwg001169399457920616,TS62A,STANDBY,2,CNC1/CNC1,1/2,200/100,Dummy_CNC/Dummy_CNC,1_1_dummy_cnc_01.nc/2_1_dummy_cnc_01.nc,7,7,1,51EC1EB99A237BEE6D170524A8DE0F16
2023-09-06 18:03:07@1693994587120@SCS123591700116939945792068,TS62A,STANDBY,3,CNC1/CNC1/CNC1,1/1/2,100/100/100,HARTFORD_MVP8/HARTFORD_MVP8/HARTFORD_MVP8,1_Hartford_test_ds.nc/2_Hartford_test_00.nc/3_Hartford_test_01.nc,7,8,1,DD75F2A4A79C674448E0633742196EF7
2023-09-06 18:03:08@1693994588128@SCS1235917003169399457920635,TS62A,STANDBY,3,CNC1/CNC1/CNC1,1/1/1,100/100/100,HARTFORD_MVP8/HARTFORD_MVP8/HARTFORD_MVP8,1_Hartford_test_ds.nc/2_Hartford_test_ds.nc/3_Hartford_test_ds.nc,7,9,1,B813809FA620FCBBCA6230F248ED2B8E
2023-09-06 18:03:09@1693994589132@SCS123591700416939945792060,TS62A,STANDBY,1,CNC1,1,100,HARTFORD_MVP8,1_Hartford_test_ds.nc,7,10,1,1B5FFC4DDFD1503D7EF28ABE6C75A9EF
2023-09-06 18:03:10@1693994590135@SCS1235917005169399457920638,TS62A,STANDBY,1,CNC1,1,100,HARTFORD_MVP8,1_Hartford_test_ds.nc,7,11,1,EB3D2E768C861BF2037E24E27C30390E
2023-09-06 18:03:11@1693994591141@SCS1235917006169399457920635,TS62A,STANDBY,1,CNC1,1,100,HARTFORD_MVP8,1_Hartford_test_ds.nc,7,12,1,6B3BDDB48B5F84D0DF53EBBB0B83A1A2
2023-09-06 18:03:12@1693994592150@D0000001169399457920682,TS62A,STANDBY,2,CNC1/CNC1,1/2,10#30/20,HARTFORD_MVP8#Dummy_CNC/Dummy_CNC,1_Hartford_test_00.nc#1_dummy_cnc_01.nc/2_dummy_cnc_01.nc,7,13,1,C04E1F6C1C90496041D6040C8A87EA76
2023-09-06 18:03:13@1693994593159@dwg001169399457920676,TS62A,STANDBY,2,CNC1/CNC1,1/2,200/100,Dummy_CNC/Dummy_CNC,1_1_dummy_cnc_01.nc/2_1_dummy_cnc_01.nc,7,14,1,F33F908536AC60B74283E841BE50F877
2023-09-06 18:03:14@1693994594166@dwg001169399457920676,TS62A,STANDBY,2,CNC1/CNC1,1/2,200/100,Dummy_CNC/Dummy_CNC,1_1_dummy_cnc_01.nc/2_1_dummy_cnc_01.nc,7,14,0,4AEAEE13D076932639CDA6FF0013D64C
