2023-09-07 15:30:36@1694071836308@SCS1235917001169407177699449,TS62A,STANDBY,3,CNC1/CNC1/CNC1,1/1/2,100/100/100,HARTFORD_MVP8/HARTFORD_MVP8/HARTFORD_MVP8,1_Hartford_test_ds.nc/2_Hartford_test_00.nc/3_Hartford_test_01.nc,7,1,1,E784F30F97C2202B008B9F1C3583645B
2023-09-07 15:30:37@1694071837318@SCS1235917003169407177699451,TS62A,STANDBY,3,CNC1/CNC1/CNC1,1/1/1,100/100/100,HARTFORD_MVP8/HARTFORD_MVP8/HARTFORD_MVP8,1_Hartford_test_ds.nc/2_Hartford_test_ds.nc/3_Hartford_test_ds.nc,7,2,1,7F901AF3AF6F43E88841251662688F15
2023-09-07 15:30:38@1694071838325@SCS1235917004169407177699487,TS62A,STANDBY,1,CNC1,1,100,HARTFORD_MVP8,1_Hartford_test_ds.nc,7,3,1,3B034CC9AC7D9795E80D638C4286712B
2023-09-07 15:30:39@1694071839332@SCS1235917005169407177699460,TS62A,STANDBY,1,CNC1,1,100,HARTFORD_MVP8,1_Hartford_test_ds.nc,7,4,1,6C22BDE6C40FB4C92DD7C978B2B43D84
2023-09-07 15:30:40@1694071840342@SCS1235917006169407177699413,TS62A,STANDBY,1,CNC1,1,100,HARTFORD_MVP8,1_Hartford_test_ds.nc,7,5,1,C4C6B1D404B2B476552F0E0B99FAC036
2023-09-07 15:30:41@1694071841350@D0000001169407177699450,TS62A,STANDBY,2,CNC1/CNC1,1/2,10#30/20,HARTFORD_MVP8#Dummy_CNC/Dummy_CNC,1_Hartford_test_00.nc#1_dummy_cnc_01.nc/2_dummy_cnc_01.nc,7,6,1,043766B5D14FA657138C0A8F3128DDC7
2023-09-07 15:30:42@1694071842359@dwg001169407177699448,TS62A,STANDBY,2,CNC1/CNC1,1/2,200/100,Dummy_CNC/Dummy_CNC,1_1_dummy_cnc_01.nc/2_1_dummy_cnc_01.nc,7,7,1,98D8AE021278BF4CFAE62D3F2D7D526B
2023-09-07 15:30:43@1694071843365@SCS1235917001169407177699461,TS62A,STANDBY,3,CNC1/CNC1/CNC1,1/1/2,100/100/100,HARTFORD_MVP8/HARTFORD_MVP8/HARTFORD_MVP8,1_Hartford_test_ds.nc/2_Hartford_test_00.nc/3_Hartford_test_01.nc,7,8,1,A45B5E8E481096D5AA8EA96C03C11B71
2023-09-07 15:30:44@1694071844373@SCS1235917003169407177699492,TS62A,STANDBY,3,CNC1/CNC1/CNC1,1/1/1,100/100/100,HARTFORD_MVP8/HARTFORD_MVP8/HARTFORD_MVP8,1_Hartford_test_ds.nc/2_Hartford_test_ds.nc/3_Hartford_test_ds.nc,7,9,1,A34F3ACA3B0FE17D08D86E4410C4F3F2
2023-09-07 15:30:45@1694071845379@SCS1235917004169407177699467,TS62A,STANDBY,1,CNC1,1,100,HARTFORD_MVP8,1_Hartford_test_ds.nc,7,10,1,BD64E919CE05FC190CA26CBCCF1BA8ED
2023-09-07 15:30:46@1694071846386@SCS1235917005169407177699441,TS62A,STANDBY,1,CNC1,1,100,HARTFORD_MVP8,1_Hartford_test_ds.nc,7,11,1,5FE07296B46E6F24D31D190057DBF81D
2023-09-07 15:30:47@1694071847394@SCS1235917006169407177699488,TS62A,STANDBY,1,CNC1,1,100,HARTFORD_MVP8,1_Hartford_test_ds.nc,7,12,1,8079D16CE2B5C8CB0FC70FDDC7674213
2023-09-07 15:30:48@1694071848402@D0000001169407177699458,TS62A,STANDBY,2,CNC1/CNC1,1/2,10#30/20,HARTFORD_MVP8#Dummy_CNC/Dummy_CNC,1_Hartford_test_00.nc#1_dummy_cnc_01.nc/2_dummy_cnc_01.nc,7,13,1,1894455FC7BE8D41CFAAA0ADE8D5535F
2023-09-07 15:30:49@1694071849409@dwg001169407177699460,TS62A,STANDBY,2,CNC1/CNC1,1/2,200/100,Dummy_CNC/Dummy_CNC,1_1_dummy_cnc_01.nc/2_1_dummy_cnc_01.nc,7,14,1,ED0127614CD1D4ACD4EF388F14B2C77A
2023-09-07 15:30:50@1694071850417@dwg001169407177699460,TS62A,STANDBY,2,CNC1/CNC1,1/2,200/100,Dummy_CNC/Dummy_CNC,1_1_dummy_cnc_01.nc/2_1_dummy_cnc_01.nc,7,14,0,5F7DE268DEC277EB6F3A93088EB9DDE2
2023-09-07 15:32:07@1694071927394@SCS1235917001169407192538937,TS62A,STANDBY,3,CNC1/CNC1/CNC1,1/1/2,100/100/100,HARTFORD_MVP8/HARTFORD_MVP8/HARTFORD_MVP8,1_Hartford_test_ds.nc/2_Hartford_test_00.nc/3_Hartford_test_01.nc,7,1,1,EBA369F2BA6FBE0CC20D3063DBA168D5
2023-09-07 15:32:07@1694071927500@SCS1235917003169407192538912,TS62A,STANDBY,3,CNC1/CNC1/CNC1,1/1/1,100/100/100,HARTFORD_MVP8/HARTFORD_MVP8/HARTFORD_MVP8,1_Hartford_test_ds.nc/2_Hartford_test_ds.nc/3_Hartford_test_ds.nc,7,2,1,6B0873F7E757017A3653EFEFC6EBAA8C
2023-09-07 15:32:07@1694071927611@SCS1235917004169407192538992,TS62A,STANDBY,1,CNC1,1,100,HARTFORD_MVP8,1_Hartford_test_ds.nc,7,3,1,789163B580CE56A8BBEF43B68322A5AF
2023-09-07 15:32:07@1694071927717@SCS123591700516940719253898,TS62A,STANDBY,1,CNC1,1,100,HARTFORD_MVP8,1_Hartford_test_ds.nc,7,4,1,9BC24053FD5F8F8CAA3234CDE16DACF6
2023-09-07 15:32:07@1694071927823@SCS1235917006169407192538966,TS62A,STANDBY,1,CNC1,1,100,HARTFORD_MVP8,1_Hartford_test_ds.nc,7,5,1,E4C7F1792074504943C9CB9C7F9E2F1E
2023-09-07 15:32:07@1694071927927@D0000001169407192538963,TS62A,STANDBY,2,CNC1/CNC1,1/2,10#30/20,HARTFORD_MVP8#Dummy_CNC/Dummy_CNC,1_Hartford_test_00.nc#1_dummy_cnc_01.nc/2_dummy_cnc_01.nc,7,6,1,500B1E6760F8ED05C8A14A9C638095A9
2023-09-07 15:32:08@1694071928030@dwg001169407192538922,TS62A,STANDBY,2,CNC1/CNC1,1/2,200/100,Dummy_CNC/Dummy_CNC,1_1_dummy_cnc_01.nc/2_1_dummy_cnc_01.nc,7,7,1,0101131808D343DAC3F9909741AECE1A
2023-09-07 15:32:08@1694071928134@SCS1235917001169407192538971,TS62A,STANDBY,3,CNC1/CNC1/CNC1,1/1/2,100/100/100,HARTFORD_MVP8/HARTFORD_MVP8/HARTFORD_MVP8,1_Hartford_test_ds.nc/2_Hartford_test_00.nc/3_Hartford_test_01.nc,7,8,1,0CB1CEB8B13DD2A37278836DD50A208E
2023-09-07 15:32:08@1694071928243@SCS1235917003169407192538934,TS62A,STANDBY,3,CNC1/CNC1/CNC1,1/1/1,100/100/100,HARTFORD_MVP8/HARTFORD_MVP8/HARTFORD_MVP8,1_Hartford_test_ds.nc/2_Hartford_test_ds.nc/3_Hartford_test_ds.nc,7,9,1,E8079D7E57348205445F7B34387F23A0
2023-09-07 15:32:08@1694071928350@SCS1235917004169407192538940,TS62A,STANDBY,1,CNC1,1,100,HARTFORD_MVP8,1_Hartford_test_ds.nc,7,10,1,FF2DFC22E7F125309659FEB55165167A
2023-09-07 15:32:08@1694071928458@SCS1235917005169407192538983,TS62A,STANDBY,1,CNC1,1,100,HARTFORD_MVP8,1_Hartford_test_ds.nc,7,11,1,CA8F16B8374FBB939D6AD85CFBCD1BEC
2023-09-07 15:32:08@1694071928565@SCS1235917006169407192538930,TS62A,STANDBY,1,CNC1,1,100,HARTFORD_MVP8,1_Hartford_test_ds.nc,7,12,1,F80DF5B364DE9DA430BC30271E88D9A1
2023-09-07 15:32:08@1694071928671@D0000001169407192538929,TS62A,STANDBY,2,CNC1/CNC1,1/2,10#30/20,HARTFORD_MVP8#Dummy_CNC/Dummy_CNC,1_Hartford_test_00.nc#1_dummy_cnc_01.nc/2_dummy_cnc_01.nc,7,13,1,12380D0F093F04A5367A71AA6730CC62
2023-09-07 15:32:08@1694071928778@dwg001169407192538930,TS62A,STANDBY,2,CNC1/CNC1,1/2,200/100,Dummy_CNC/Dummy_CNC,1_1_dummy_cnc_01.nc/2_1_dummy_cnc_01.nc,7,14,1,1D272165070B25696F0D687C8F00B613
2023-09-07 15:32:08@1694071928886@dwg001169407192538930,TS62A,STANDBY,2,CNC1/CNC1,1/2,200/100,Dummy_CNC/Dummy_CNC,1_1_dummy_cnc_01.nc/2_1_dummy_cnc_01.nc,7,14,0,3B5F8877D78200409C57B159C31F3CB0
