2023-12-07 09:42:53@1701913373979@SCS123591700117019127164967,11,TS6HF01,WORKING,3,9,1,CNC1,1,100,HARTFORD_MVP8,1_Hartford_test_ds.nc,B28C013869D266F3B1064E7B67DFDECC
2023-12-07 09:42:54@1701913374417@SCS1235917003170191271649616,11,TS6HF01,WORKING,3,9,2,CNC1,1,100,HARTFORD_MVP8,1_Hartford_test_ds.nc,2078A93EFA3B3A99CDA0EE78B68890A8
2023-12-07 09:42:54@1701913374857@SCS1235917004170191271649680,11,TS6HF01,WORKING,1,9,3,CNC1,1,100,HARTFORD_MVP8,1_Hartford_test_ds.nc,A715EAA72BD8D933835994C4B9024B97
2023-12-07 09:42:55@1701913375298@SCS1235917005170191271649629,11,TS6HF01,WORKING,1,9,4,CNC1,1,100,HARTFORD_MVP8,1_Hartford_test_ds.nc,472FA8A77ACA14916A18ABEA1D334087
2023-12-07 09:42:55@1701913375734@SCS1235917006170191271649683,11,TS6HF01,WORKING,1,9,5,CNC1,1,100,HARTFORD_MVP8,1_Hartford_test_ds.nc,E1B1CED33EDABFCC434F9FC4F86742E7
2023-12-07 11:08:11@1701918491622@SCS123591700117019180218204,11,TS6HF01,WORKING,3,9,1,CNC1,1,100,HARTFORD_MVP8,1_Hartford_test_ds.nc,65EF7E5BABF15447479084CA31EF65FA
2023-12-07 11:08:12@1701918492066@SCS1235917003170191802182065,11,TS6HF01,WORKING,3,9,2,CNC1,1,100,HARTFORD_MVP8,1_Hartford_test_ds.nc,A6547F568F582DA5568B4797799FF241
2023-12-07 11:08:12@1701918492507@SCS1235917004170191802182042,11,TS6HF01,WORKING,1,9,3,CNC1,1,100,HARTFORD_MVP8,1_Hartford_test_ds.nc,EAEF9B84478CD46F292E97B5DBE6CBF6
2023-12-07 11:08:12@1701918492951@SCS1235917005170191802182029,11,TS6HF01,WORKING,1,9,4,CNC1,1,100,HARTFORD_MVP8,1_Hartford_test_ds.nc,DD7E459A42C0CA3B5149EBF175663B87
2023-12-07 11:08:13@1701918493392@SCS123591700617019180218209,11,TS6HF01,WORKING,1,9,5,CNC1,1,100,HARTFORD_MVP8,1_Hartford_test_ds.nc,021129786C4A51591421D516135EE888
2023-12-07 13:31:12@1701927072354@SCS1235917001170192666436291,11,TS6HF01,WORKING,3,9,1,CNC1,1,100,HARTFORD_MVP8,1_Hartford_test_ds.nc,1AC8B181EF1DE8A6EC0B19C825CF5593
2023-12-07 13:31:12@1701927072796@SCS1235917003170192666436248,11,TS6HF01,WORKING,3,9,2,CNC1,1,100,HARTFORD_MVP8,1_Hartford_test_ds.nc,C69B5B7A522D8D8F29847FC385923261
2023-12-07 13:31:13@1701927073237@SCS1235917004170192666436210,11,TS6HF01,WORKING,1,9,3,CNC1,1,100,HARTFORD_MVP8,1_Hartford_test_ds.nc,51049B3031EFA5B5F121F78D92199110
2023-12-07 13:31:14@1701927074022@SCS1235917005170192666436292,11,TS6HF01,WORKING,1,9,4,CNC1,1,100,HARTFORD_MVP8,1_Hartford_test_ds.nc,8FC2DB50682B11D40546FBD1EA8038AE
2023-12-07 13:31:14@1701927074768@SCS1235917006170192666436249,11,TS6HF01,WORKING,1,9,5,CNC1,1,100,HARTFORD_MVP8,1_Hartford_test_ds.nc,CC0520C95EE56E2326D3FF4AF4B9EC2D
2023-12-07 15:16:49@1701933409165@SCS1235917001170192666436291,11,TS6HF01,WORKING,3,11,1,CNC1,1,100,HARTFORD_MVP8,1_Hartford_test_ds.nc,EF8CC5EC06EC0E73D564010A37392BC4
2023-12-07 15:17:05@1701933425426@SCS1235917003170192666436248,11,TS6HF01,WORKING,3,11,2,CNC1,1,100,HARTFORD_MVP8,1_Hartford_test_ds.nc,47D5FABB1E202558D10BDC6DE9B2A8E5
2023-12-07 15:24:00@1701933840235@SCS12359170061701926664362495,11,TS6HF01,WORKING,1,9,6,CNC1,1,100,HARTFORD_MVP8,1_Hartford_test_ds.nc,7A80E08F16A84C2C5A7C98EC68ABF794
2023-12-07 15:24:00@1701933840676@SCS123591700617019266643624978,11,TS6HF01,WORKING,1,9,7,CNC1,1,100,HARTFORD_MVP8,1_Hartford_test_ds.nc,4A34257E83D0AFAD14DCE7A5D9D8936D
2023-12-07 15:24:01@1701933841113@SCS1235917006170192666436249897,11,TS6HF01,WORKING,1,9,8,CNC1,1,100,HARTFORD_MVP8,1_Hartford_test_ds.nc,23F6F58B75423024DB0C0909AD1D02AF
2023-12-07 15:24:01@1701933841555@SCS1235917001170192666436213,11,TS6HF01,WORKING,3,9,9,CNC1,1,100,HARTFORD_MVP8,1_Hartford_test_ds.nc,2F6282AD862C79B0ACC0C8FF0761F167
2023-12-07 15:24:01@1701933841992@SCS1235917003170192666436213,11,TS6HF01,WORKING,3,9,10,CNC1,1,100,HARTFORD_MVP8,1_Hartford_test_ds.nc,4D3F0B45471062F73E12C14B6D344F06
2023-12-07 17:10:18@1701940218765@SCS1235917001170192666436213,11,TS6HF01,WORKING,3,11,9,CNC1,1,100,HARTFORD_MVP8,1_Hartford_test_ds.nc,9CDCBFF8C78346FED965386403FEA437
2023-12-07 17:10:33@1701940233732@SCS1235917003170192666436213,11,TS6HF01,WORKING,3,11,10,CNC1,1,100,HARTFORD_MVP8,1_Hartford_test_ds.nc,1CC6E2CB26B914EDF68E431C7796A157
2023-12-07 17:17:00@1701940620568@SCS1235917001170192666436291,11,TS6HF01,WORKING,3,9,1,CNC1/CNC1,1/1,100/100,HARTFORD_MVP8/HARTFORD_MVP8,1_Hartford_test_ds.nc/1_Hartford_test_ds.nc,88B7FC838322777ABC248C9717DCC74C
2023-12-07 17:17:01@1701940621007@SCS1235917003170192666436248,11,TS6HF01,WORKING,3,9,2,CNC1/CNC1,1/1,100/100,HARTFORD_MVP8/HARTFORD_MVP8,1_Hartford_test_ds.nc/1_Hartford_test_ds.nc,F68BBCDABAF651C7D94315E1DD6B3FC5
2023-12-07 17:17:01@1701940621447@SCS1235917004170192666436210,11,TS6HF01,WORKING,1,9,3,CNC1,1,100,HARTFORD_MVP8,1_Hartford_test_ds.nc,51049B3031EFA5B5F121F78D92199110
2023-12-07 17:17:01@1701940621886@SCS1235917005170192666436292,11,TS6HF01,WORKING,1,9,4,CNC1,1,100,HARTFORD_MVP8,1_Hartford_test_ds.nc,8FC2DB50682B11D40546FBD1EA8038AE
2023-12-07 17:17:02@1701940622327@SCS1235917006170192666436249,11,TS6HF01,WORKING,1,9,5,CNC1,1,100,HARTFORD_MVP8,1_Hartford_test_ds.nc,CC0520C95EE56E2326D3FF4AF4B9EC2D
