2023-10-11 09:11:58@1696986718779@SCS1235917001169698650669028,10,TS6HF01,WORKING,3,9,1,CNC1,1,100,HARTFORD_MVP8,1_Hartford_test_ds.nc,65D6AF3590A770E59C4E9EB5E0A71939
2023-10-11 09:11:59@1696986719409@SCS1235917003169698650669088,10,TS6HF01,WORKING,3,9,2,CNC1,1,100,HARTFORD_MVP8,1_Hartford_test_ds.nc,7A1826B7A807CF052FA56A8478E558EA
2023-10-11 09:17:10@1696987030717@SCS1235917001169698650669028,10,TS6HF01,WORKING,3,10,1,CNC1,1,100,HARTFORD_MVP8,1_Hartford_test_ds.nc,95A064FDF8AB6BC416EB294972C56D93
2023-10-11 09:17:33@1696987053927@SCS1235917003169698650669088,10,TS6HF01,WORKING,3,10,2,CNC1,1,100,HARTFORD_MVP8,1_Hartford_test_ds.nc,DF772037593C887C80E573A3CD9C431C
2023-10-11 13:58:23@1697003903431@SCS1235917001169700332646778,10,TS6HF01,WORKING,3,9,1,CNC1,1,100,HARTFORD_MVP8,1_Hartford_test_ds.nc,E1E980CC730D0FD091405AC10C9BF936
2023-10-11 13:58:24@1697003904057@SCS1235917003169700332646785,10,TS6HF01,WORKING,3,9,2,CNC1,1,100,HARTFORD_MVP8,1_Hartford_test_ds.nc,3AAD6CF2A3307A45704C19C9B51C21EB
2023-10-11 13:58:24@1697003904826@SCS1235917004169700332646799,10,TS6HF01,WORKING,1,9,3,CNC1,1,100,HARTFORD_MVP8,1_Hartford_test_ds.nc,003E830AAB382850B477D50C505B95A8
2023-10-11 13:58:25@1697003905850@SCS1235917005169700332646727,10,TS6HF01,WORKING,1,9,4,CNC1,1,100,HARTFORD_MVP8,1_Hartford_test_ds.nc,7982ED6189D3BF7C24D42648E12CF719
2023-10-11 14:18:52@1697005132751@SCS1235917001169700447788142,10,TS6HF01,WORKING,3,9,1,CNC1,1,100,HARTFORD_MVP8,1_Hartford_test_ds.nc,7D7EA654C3E0D3C57453CB80DD9202A7
2023-10-11 14:18:53@1697005133410@SCS1235917003169700447788129,10,TS6HF01,WORKING,3,9,2,CNC1,1,100,HARTFORD_MVP8,1_Hartford_test_ds.nc,59F5F2BDD1ABAFB0287484CDEF39A9F1
2023-10-11 14:18:54@1697005134031@SCS1235917004169700447788186,10,TS6HF01,WORKING,1,9,3,CNC1,1,100,HARTFORD_MVP8,1_Hartford_test_ds.nc,0A1ACB28A1A0F0DBF0053A3BCD9F72C7
2023-10-11 14:18:54@1697005134686@SCS1235917005169700447788168,10,TS6HF01,WORKING,1,9,4,CNC1,1,100,HARTFORD_MVP8,1_Hartford_test_ds.nc,A23FF827A47E888686B2A73A7271FF01
2023-10-11 14:33:54@1697006034140@SCS1235917001169700565091295,10,TS6HF01,WORKING,3,9,1,CNC1,1,100,HARTFORD_MVP8,1_Hartford_test_ds.nc,6D87E515FC979BFCAAF3DFA037D9CA18
2023-10-11 14:33:54@1697006034797@SCS1235917003169700565091282,10,TS6HF01,WORKING,3,9,2,CNC1,1,100,HARTFORD_MVP8,1_Hartford_test_ds.nc,93AB2C9B2755A5AD1367D9905AC828C4
2023-10-11 14:33:55@1697006035812@SCS1235917004169700565091297,10,TS6HF01,WORKING,1,9,3,CNC1,1,100,HARTFORD_MVP8,1_Hartford_test_ds.nc,A1CFB45F755CA6F795098AEC0DE9AF9C
2023-10-11 14:33:56@1697006036488@SCS123591700516970056509128,10,TS6HF01,WORKING,1,9,4,CNC1,1,100,HARTFORD_MVP8,1_Hartford_test_ds.nc,2D8B004239FE5EDE777CCD8ED58B4C6C
2023-10-11 14:41:46@1697006506190@SCS1235917001169700565091295,10,TS6HF01,WORKING,3,10,1,CNC1,1,100,HARTFORD_MVP8,1_Hartford_test_ds.nc,D03C71D3BC063DEC33CCB6FAACACB88B
2023-10-11 14:42:09@1697006529397@SCS1235917003169700565091282,10,TS6HF01,WORKING,3,10,2,CNC1,1,100,HARTFORD_MVP8,1_Hartford_test_ds.nc,0ECC73FD71BFC3258DF430EFD282EDB9
2023-10-11 15:07:19@1697008039270@SCS1235917001169700764777127,10,TS6HF01,WORKING,3,9,1,CNC1,1,100,HARTFORD_MVP8,1_Hartford_test_ds.nc,4398023D77AD787A0B77D0149DFAF1EB
2023-10-11 15:07:19@1697008039905@SCS1235917003169700764777118,10,TS6HF01,WORKING,3,9,2,CNC1,1,100,HARTFORD_MVP8,1_Hartford_test_ds.nc,EEDBE35D8AD2D95E8608A98F7EAB99FF
2023-10-11 15:07:20@1697008040553@SCS123591700416970076477717,10,TS6HF01,WORKING,1,9,3,CNC1,1,100,HARTFORD_MVP8,1_Hartford_test_ds.nc,793465E9B0BED8F84FF6985D861D749C
2023-10-11 15:07:21@1697008041189@SCS1235917005169700764777192,10,TS6HF01,WORKING,1,9,4,CNC1,1,100,HARTFORD_MVP8,1_Hartford_test_ds.nc,E35CD76BD997D94201EF838CB8A1E5DF
2023-10-11 16:30:59@1697013059104@SCS1235917001169700764777127,10,TS6HF01,WORKING,3,10,1,CNC1,1,100,HARTFORD_MVP8,1_Hartford_test_ds.nc,FC6EBEAA40AE37206B26A5B1A1B0CFC3
2023-10-11 16:31:22@1697013082406@SCS1235917003169700764777118,10,TS6HF01,WORKING,3,10,2,CNC1,1,100,HARTFORD_MVP8,1_Hartford_test_ds.nc,27B19BCC1ED00332F90DACD5AEFE155F
2023-10-11 16:52:53@1697014373412@SCS1235917001169701402722834,10,TS6HF01,WORKING,3,9,1,CNC1,1,100,HARTFORD_MVP8,1_Hartford_test_ds.nc,6F48A64F7A4CE173B528F324076A68FA
2023-10-11 16:52:54@1697014374101@SCS1235917003169701402722896,10,TS6HF01,WORKING,3,9,2,CNC1,1,100,HARTFORD_MVP8,1_Hartford_test_ds.nc,50283629F365BFD461671D702FC3B5D0
2023-10-11 16:52:54@1697014374860@SCS1235917004169701402722820,10,TS6HF01,WORKING,1,9,3,CNC1,1,100,HARTFORD_MVP8,1_Hartford_test_ds.nc,891CE31236DC5875CC8A0F0AFB4BEA00
2023-10-11 16:52:56@1697014376200@SCS1235917005169701402722848,10,TS6HF01,WORKING,1,9,4,CNC1,1,100,HARTFORD_MVP8,1_Hartford_test_ds.nc,2D90C89CD944488DD7ED15A88B6F0641
2023-10-11 17:00:56@1697014856856@SCS1235917001169701402722834,10,TS6HF01,WORKING,3,10,1,CNC1,1,100,HARTFORD_MVP8,1_Hartford_test_ds.nc,9C5B0852820C84038D0B478F0364CD4D
2023-10-11 17:01:19@1697014879990@SCS1235917003169701402722896,10,TS6HF01,WORKING,3,10,2,CNC1,1,100,HARTFORD_MVP8,1_Hartford_test_ds.nc,F9134EB41467E2DDDDDBC55FADE83A56
2023-10-11 17:41:02@1697017262737@SCS1235917001169701692501377,10,TS6HF01,WORKING,3,9,1,CNC1,1,100,HARTFORD_MVP8,1_Hartford_test_ds.nc,C9196DDD3BE1F9E15ACDEC03BED35FFD
2023-10-11 17:41:03@1697017263417@SCS1235917003169701692501342,10,TS6HF01,WORKING,3,9,2,CNC1,1,100,HARTFORD_MVP8,1_Hartford_test_ds.nc,C78D8966C1F70D053880ECD53FA19922
2023-10-11 17:41:04@1697017264075@SCS123591700416970169250135,10,TS6HF01,WORKING,1,9,3,CNC1,1,100,HARTFORD_MVP8,1_Hartford_test_ds.nc,7CBBE506059D421DE72A662B1D1355E9
2023-10-11 17:41:04@1697017264743@SCS1235917005169701692501398,10,TS6HF01,WORKING,1,9,4,CNC1,1,100,HARTFORD_MVP8,1_Hartford_test_ds.nc,849920C7ECD4DFAFB50AE738DCF65271
2023-10-11 17:49:21@1697017761720@SCS1235917001169701692501377,10,TS6HF01,WORKING,3,10,1,CNC1,1,100,HARTFORD_MVP8,1_Hartford_test_ds.nc,0BA79A9FC2657534405762A8D0C73906
2023-10-11 17:49:45@1697017785025@SCS1235917003169701692501342,10,TS6HF01,WORKING,3,10,2,CNC1,1,100,HARTFORD_MVP8,1_Hartford_test_ds.nc,ED051207725DFBD4762945361AA47049
2023-10-11 18:08:18@1697018898192@SCS1235917001169701803841716,10,TS6HF01,WORKING,3,9,1,CNC1,1,100,HARTFORD_MVP8,1_Hartford_test_ds.nc,F6EE457840A3D38CE4D35E0C3BD02922
2023-10-11 18:08:18@1697018898854@SCS1235917003169701803841768,10,TS6HF01,WORKING,3,9,2,CNC1,1,100,HARTFORD_MVP8,1_Hartford_test_ds.nc,DAADCD2898068656889BD3FDF77F3CAA
2023-10-11 18:08:19@1697018899508@SCS1235917004169701803841773,10,TS6HF01,WORKING,1,9,3,CNC1,1,100,HARTFORD_MVP8,1_Hartford_test_ds.nc,A85A2C3B228AECB3A4378D1097001215
2023-10-11 18:08:20@1697018900143@SCS1235917005169701803841732,10,TS6HF01,WORKING,1,9,4,CNC1,1,100,HARTFORD_MVP8,1_Hartford_test_ds.nc,23F979F20B716206195156412D643FA2
2023-10-11 18:16:31@1697019391449@SCS1235917001169701803841716,10,TS6HF01,WORKING,3,10,1,CNC1,1,100,HARTFORD_MVP8,1_Hartford_test_ds.nc,5BECFF5B44C09DEC8FE8795EBEE1258F
2023-10-11 18:16:54@1697019414671@SCS1235917003169701803841768,10,TS6HF01,WORKING,3,10,2,CNC1,1,100,HARTFORD_MVP8,1_Hartford_test_ds.nc,A491312E4527C892E5773F30EB7400E9
2023-10-11 18:28:32@1697020112050@SCS1235917001169701977709620,10,TS6HF01,WORKING,3,9,1,CNC1,1,100,HARTFORD_MVP8,1_Hartford_test_ds.nc,441B388BCE6A62C2C75D6C3CCFFA84ED
2023-10-11 18:28:32@1697020112691@SCS1235917003169701977709632,10,TS6HF01,WORKING,3,9,2,CNC1,1,100,HARTFORD_MVP8,1_Hartford_test_ds.nc,8EC6A99C7DA1D19EE4083B99BD2546B8
2023-10-11 18:28:33@1697020113314@SCS1235917004169701977709677,10,TS6HF01,WORKING,1,9,3,CNC1,1,100,HARTFORD_MVP8,1_Hartford_test_ds.nc,A343AFE885633AB695DC00F2D7B61793
2023-10-11 18:28:33@1697020113998@SCS1235917005169701977709697,10,TS6HF01,WORKING,1,9,4,CNC1,1,100,HARTFORD_MVP8,1_Hartford_test_ds.nc,4EC63E477AADF7CEBE31E52337A037C9
2023-10-11 18:36:20@1697020580422@SCS1235917001169701977709620,10,TS6HF01,WORKING,3,10,1,CNC1,1,100,HARTFORD_MVP8,1_Hartford_test_ds.nc,A881FC957E01C8EAE8ED79121592E525
2023-10-11 18:36:43@1697020603732@SCS1235917003169701977709632,10,TS6HF01,WORKING,3,10,2,CNC1,1,100,HARTFORD_MVP8,1_Hartford_test_ds.nc,A11900C8A16A5FDC420E492B668EFFEC
2023-10-11 18:41:53@1697020913774@SCS1235917006169701977709666,10,TS6HF01,WORKING,1,9,5,CNC1,1,100,HARTFORD_MVP8,1_Hartford_test_ds.nc,F7E1E8886F30A2967763552EB8F851F9
2023-10-11 18:41:54@1697020914425@D0000001169701977709644,10,TS6HF01,WORKING,2,9,6,CNC1,1,10,HARTFORD_MVP8,1_Hartford_test_00.nc,AE9106A299F9443CB32C1E3E3D6A6DA6
2023-10-11 18:41:55@1697020915582@SCS1235917003169701977709686,10,TS6HF01,WORKING,3,9,9,CNC1,1,100,HARTFORD_MVP8,1_Hartford_test_ds.nc,960906467413B2CF168C32AC40A429FE
2023-10-11 18:41:56@1697020916362@SCS1235917004169701977709645,10,TS6HF01,WORKING,1,9,10,CNC1,1,100,HARTFORD_MVP8,1_Hartford_test_ds.nc,42A9026D378471621F86D9D7CB8E327A
