2023-09-20 15:12:02@1695193922109@SCS1235917001169519386842722,TS6HF01,STANDBY,3,CNC1/CNC1/CNC1,1/1/2,100/100/100,HARTFORD_MVP8/HARTFORD_MVP8/HARTFORD_MVP8,1_Hartford_test_ds.nc/2_Hartford_test_00.nc/3_Hartford_test_01.nc,9,1,1,34654CE627794C2B57102EEB90C092F1
2023-09-20 15:12:02@1695193922215@SCS1235917003169519386842717,TS6HF01,STANDBY,3,CNC1/CNC1/CNC1,1/1/1,100/100/100,HARTFORD_MVP8/HARTFORD_MVP8/HARTFORD_MVP8,1_Hartford_test_ds.nc/2_Hartford_test_ds.nc/3_Hartford_test_ds.nc,9,2,1,A9F61D8502EEFD66EA69937064052935
2023-09-20 15:12:02@1695193922319@SCS1235917004169519386842775,TS6HF01,STANDBY,1,CNC1,1,100,HARTFORD_MVP8,1_Hartford_test_ds.nc,9,3,1,CC91BCA2FCCFE1B00CC428A6D728829A
2023-09-20 15:12:02@1695193922423@SCS1235917005169519386842792,TS6HF01,STANDBY,1,CNC1,1,100,HARTFORD_MVP8,1_Hartford_test_ds.nc,9,4,1,8950DFC3B9744131F46D1B527507F106
2023-09-20 15:12:02@1695193922528@SCS1235917006169519386842714,TS6HF01,STANDBY,1,CNC1,1,100,HARTFORD_MVP8,1_Hartford_test_ds.nc,9,5,1,8DEF668C852C316773532B2223762A87
2023-09-20 15:12:02@1695193922630@D0000001169519386842797,TS6HF01,STANDBY,2,CNC1/CNC1,1/2,10#30/20,HARTFORD_MVP8#Dummy_CNC/Dummy_CNC,1_Hartford_test_00.nc#1_dummy_cnc_01.nc/2_dummy_cnc_01.nc,9,6,1,32C7F96D7E230B1E3287A93751C61A3E
2023-09-20 15:12:02@1695193922734@SCS12359170061699386842725,TS6HF01,STANDBY,1,CNC1,1,100,HARTFORD_MVP8,1_Hartford_test_ds.nc,9,7,1,EA5DE801454EFE3E4A50799C03B9C840
2023-09-20 15:12:02@1695193922837@SCS1235917001169519386842761,TS6HF01,STANDBY,3,CNC1/CNC1/CNC1,1/1/2,100/100/100,HARTFORD_MVP8/HARTFORD_MVP8/HARTFORD_MVP8,1_Hartford_test_ds.nc/2_Hartford_test_00.nc/3_Hartford_test_01.nc,9,8,1,831D65B401F2ACA928CE48B7822692B3
2023-09-20 15:12:02@1695193922940@SCS1235917003169519386842772,TS6HF01,STANDBY,3,CNC1/CNC1/CNC1,1/1/1,100/100/100,HARTFORD_MVP8/HARTFORD_MVP8/HARTFORD_MVP8,1_Hartford_test_ds.nc/2_Hartford_test_ds.nc/3_Hartford_test_ds.nc,9,9,1,76FAD083CD60E7B2D82FA0F87EEB6128
2023-09-20 15:12:03@1695193923043@SCS1235917004169519386842799,TS6HF01,STANDBY,1,CNC1,1,100,HARTFORD_MVP8,1_Hartford_test_ds.nc,9,10,1,BADCACE80ED9AE686890D9ECC143F741
2023-09-20 15:12:03@1695193923146@SCS1235917005169519386842790,TS6HF01,STANDBY,1,CNC1,1,100,HARTFORD_MVP8,1_Hartford_test_ds.nc,9,11,1,0D505C73BD98A146E4F4A0A28AF4A993
2023-09-20 15:12:03@1695193923250@SCS1235917006169519386842730,TS6HF01,STANDBY,1,CNC1,1,100,HARTFORD_MVP8,1_Hartford_test_ds.nc,9,12,1,C883DFD0BCCCDCFFB120E97429A1288C
2023-09-20 15:12:03@1695193923353@SCS1235917006169519386842712,TS6HF01,STANDBY,1,CNC1,1,100,HARTFORD_MVP8,1_Hartford_test_ds.nc,9,13,1,C01FDA4A969D3BAAA8BFCDF7D92D52EF
2023-09-20 15:12:03@1695193923457@SCS1235917006169386842742,TS6HF01,STANDBY,1,CNC1,1,100,HARTFORD_MVP8,1_Hartford_test_ds.nc,9,14,1,E9319AC2A1055F7B480129D213A932D2
2023-09-20 15:12:03@1695193923562@SCS1235917006169386842742,TS6HF01,STANDBY,1,CNC1,1,100,HARTFORD_MVP8,1_Hartford_test_ds.nc,9,14,0,0121850B5ABE53A939CC05A9D8D960D7
2023-09-20 16:17:40@1695197860358@SCS1235917001169519781384110,TS6HF01,STANDBY,3,CNC1/CNC1/CNC1,1/1/2,100/100/100,HARTFORD_MVP8/HARTFORD_MVP8/HARTFORD_MVP8,1_Hartford_test_ds.nc/2_Hartford_test_00.nc/3_Hartford_test_01.nc,9,1,1,D470D3CB046A6576B76BB4EB759C35A1
2023-09-20 16:17:40@1695197860463@SCS123591700316951978138418,TS6HF01,STANDBY,3,CNC1/CNC1/CNC1,1/1/1,100/100/100,HARTFORD_MVP8/HARTFORD_MVP8/HARTFORD_MVP8,1_Hartford_test_ds.nc/2_Hartford_test_ds.nc/3_Hartford_test_ds.nc,9,2,1,9831D6BEFEEBE4891F34F2A096948188
2023-09-20 16:17:40@1695197860572@SCS1235917004169519781384192,TS6HF01,STANDBY,1,CNC1,1,100,HARTFORD_MVP8,1_Hartford_test_ds.nc,9,3,1,4412FD4CC67A5FFA857F8791A41A8EF0
2023-09-20 16:17:40@1695197860677@SCS1235917005169519781384125,TS6HF01,STANDBY,1,CNC1,1,100,HARTFORD_MVP8,1_Hartford_test_ds.nc,9,4,1,4EDCDD14447D7744987C1B7237EE5C73
2023-09-20 16:17:40@1695197860786@SCS1235917006169519781384122,TS6HF01,STANDBY,1,CNC1,1,100,HARTFORD_MVP8,1_Hartford_test_ds.nc,9,5,1,CDC9665746497152DCBEF93BF18A0F8C
2023-09-20 16:17:40@1695197860893@D000000116951978138417,TS6HF01,STANDBY,2,CNC1/CNC1,1/2,10#30/20,HARTFORD_MVP8#Dummy_CNC/Dummy_CNC,1_Hartford_test_00.nc#1_dummy_cnc_01.nc/2_dummy_cnc_01.nc,9,6,1,0F4D44DF5790444E2471A19453D87281
2023-09-20 16:17:40@1695197860998@dwg001169519781384111,TS6HF01,STANDBY,2,CNC1/CNC1,1/2,200/100,Dummy_CNC/Dummy_CNC,1_1_dummy_cnc_01.nc/2_1_dummy_cnc_01.nc,9,7,1,261007F3F90DB471B73F37972E7EB86D
2023-09-20 16:17:41@1695197861101@SCS1235917001169519781384182,TS6HF01,STANDBY,3,CNC1/CNC1/CNC1,1/1/2,100/100/100,HARTFORD_MVP8/HARTFORD_MVP8/HARTFORD_MVP8,1_Hartford_test_ds.nc/2_Hartford_test_00.nc/3_Hartford_test_01.nc,9,8,1,5BFE2D267A8DB625C1385659DB4EF9E3
2023-09-20 16:17:41@1695197861204@SCS1235917003169519781384112,TS6HF01,STANDBY,3,CNC1/CNC1/CNC1,1/1/1,100/100/100,HARTFORD_MVP8/HARTFORD_MVP8/HARTFORD_MVP8,1_Hartford_test_ds.nc/2_Hartford_test_ds.nc/3_Hartford_test_ds.nc,9,9,1,F2187E3D15C511F96DC1B5A7EF6A3DF6
2023-09-20 16:17:41@1695197861313@SCS1235917004169519781384132,TS6HF01,STANDBY,1,CNC1,1,100,HARTFORD_MVP8,1_Hartford_test_ds.nc,9,10,1,F84DF99409E31715A6931B7AC1150BA9
2023-09-20 16:17:41@1695197861422@SCS1235917005169519781384179,TS6HF01,STANDBY,1,CNC1,1,100,HARTFORD_MVP8,1_Hartford_test_ds.nc,9,11,1,81FE4A9B75440DF422AA551B0A46B571
2023-09-20 16:17:41@1695197861533@SCS1235917006169519781384175,TS6HF01,STANDBY,1,CNC1,1,100,HARTFORD_MVP8,1_Hartford_test_ds.nc,9,12,1,3F12F405DD8391419FE7E889F583D44A
2023-09-20 16:17:41@1695197861640@D0000001169519781384117,TS6HF01,STANDBY,2,CNC1/CNC1,1/2,10#30/20,HARTFORD_MVP8#Dummy_CNC/Dummy_CNC,1_Hartford_test_00.nc#1_dummy_cnc_01.nc/2_dummy_cnc_01.nc,9,13,1,DC8E465FDBEC4FB670EAEFA00EC12D36
2023-09-20 16:17:41@1695197861750@dwg001169519781384131,TS6HF01,STANDBY,2,CNC1/CNC1,1/2,200/100,Dummy_CNC/Dummy_CNC,1_1_dummy_cnc_01.nc/2_1_dummy_cnc_01.nc,9,14,1,0E2B53420641FEF8259795F41E78E6CA
2023-09-20 16:17:41@1695197861860@dwg001169519781384131,TS6HF01,STANDBY,2,CNC1/CNC1,1/2,200/100,Dummy_CNC/Dummy_CNC,1_1_dummy_cnc_01.nc/2_1_dummy_cnc_01.nc,9,14,0,F0CB3187707CE331810BED417D42BEB3
2023-09-20 16:47:37@1695199657589@SCS1235917001169519963516871,TS6HF01,STANDBY,3,CNC1/CNC1/CNC1,1/1/2,100/100/100,HARTFORD_MVP8/HARTFORD_MVP8/HARTFORD_MVP8,1_Hartford_test_ds.nc/2_Hartford_test_00.nc/3_Hartford_test_01.nc,9,1,1,67E8581827EF96D38C74F245037FDD23
2023-09-20 16:47:37@1695199657695@SCS1235917003169519963516869,TS6HF01,STANDBY,3,CNC1/CNC1/CNC1,1/1/1,100/100/100,HARTFORD_MVP8/HARTFORD_MVP8/HARTFORD_MVP8,1_Hartford_test_ds.nc/2_Hartford_test_ds.nc/3_Hartford_test_ds.nc,9,2,1,10FB4C2FEFD8F9449ADCF54B761B4DA7
2023-09-20 16:47:37@1695199657802@SCS1235917004169519963516829,TS6HF01,STANDBY,1,CNC1,1,100,HARTFORD_MVP8,1_Hartford_test_ds.nc,9,3,1,4146B4FC752F19898A0A5411411A72F7
2023-09-20 16:47:37@1695199657908@SCS1235917005169519963516820,TS6HF01,STANDBY,1,CNC1,1,100,HARTFORD_MVP8,1_Hartford_test_ds.nc,9,4,1,56CCEA9A4E525EBF144409A1833B614C
2023-09-20 16:47:38@1695199658011@SCS1235917006169519963516838,TS6HF01,STANDBY,1,CNC1,1,100,HARTFORD_MVP8,1_Hartford_test_ds.nc,9,5,1,0A903BD44DA0EEBBF3055A2A2E517B57
2023-09-20 16:47:38@1695199658116@D0000001169519963516870,TS6HF01,STANDBY,2,CNC1/CNC1,1/2,10#30/20,HARTFORD_MVP8#Dummy_CNC/Dummy_CNC,1_Hartford_test_00.nc#1_dummy_cnc_01.nc/2_dummy_cnc_01.nc,9,6,1,ADADF77C40E53C52F54F4FC90690AD0A
2023-09-20 16:47:38@1695199658222@dwg001169519963516899,TS6HF01,STANDBY,2,CNC1/CNC1,1/2,200/100,Dummy_CNC/Dummy_CNC,1_1_dummy_cnc_01.nc/2_1_dummy_cnc_01.nc,9,7,1,C400911AE37F5CC526FDE56984A9A1CC
2023-09-20 16:47:38@1695199658327@SCS1235917001169519963516817,TS6HF01,STANDBY,3,CNC1/CNC1/CNC1,1/1/2,100/100/100,HARTFORD_MVP8/HARTFORD_MVP8/HARTFORD_MVP8,1_Hartford_test_ds.nc/2_Hartford_test_00.nc/3_Hartford_test_01.nc,9,8,1,5AE748CA98DBE20B7BDC22D87F5A0927
2023-09-20 16:47:38@1695199658436@SCS1235917003169519963516871,TS6HF01,STANDBY,3,CNC1/CNC1/CNC1,1/1/1,100/100/100,HARTFORD_MVP8/HARTFORD_MVP8/HARTFORD_MVP8,1_Hartford_test_ds.nc/2_Hartford_test_ds.nc/3_Hartford_test_ds.nc,9,9,1,3B7C79FF4DDA75AE2D776D37F3D3848B
2023-09-20 16:47:38@1695199658542@SCS123591700416951996351682,TS6HF01,STANDBY,1,CNC1,1,100,HARTFORD_MVP8,1_Hartford_test_ds.nc,9,10,1,E04D183727C31CCF4D20C02FED8C843B
2023-09-20 16:47:38@1695199658646@SCS1235917005169519963516883,TS6HF01,STANDBY,1,CNC1,1,100,HARTFORD_MVP8,1_Hartford_test_ds.nc,9,11,1,D00950FBEF193BD41086A8E99D654C17
2023-09-20 16:47:38@1695199658749@SCS1235917006169519963516857,TS6HF01,STANDBY,1,CNC1,1,100,HARTFORD_MVP8,1_Hartford_test_ds.nc,9,12,1,C765511AFD6503385D63C30881D403D2
2023-09-20 16:47:38@1695199658852@D0000001169519963516853,TS6HF01,STANDBY,2,CNC1/CNC1,1/2,10#30/20,HARTFORD_MVP8#Dummy_CNC/Dummy_CNC,1_Hartford_test_00.nc#1_dummy_cnc_01.nc/2_dummy_cnc_01.nc,9,13,1,06A8127E0F820AFD487EB1357181B64E
2023-09-20 16:47:38@1695199658961@dwg001169519963516880,TS6HF01,STANDBY,2,CNC1/CNC1,1/2,200/100,Dummy_CNC/Dummy_CNC,1_1_dummy_cnc_01.nc/2_1_dummy_cnc_01.nc,9,14,1,7937EE6309344CCE01CB6592E7747D28
2023-09-20 16:47:39@1695199659067@dwg001169519963516880,TS6HF01,STANDBY,2,CNC1/CNC1,1/2,200/100,Dummy_CNC/Dummy_CNC,1_1_dummy_cnc_01.nc/2_1_dummy_cnc_01.nc,9,14,0,9E66AB4504220AAF5382F0FC883C617C
2023-09-20 17:36:13@1695202573525@SCS1235917001169520257054610,TS6HF01,STANDBY,3,CNC1/CNC1/CNC1,1/1/2,100/100/100,HARTFORD_MVP8/HARTFORD_MVP8/HARTFORD_MVP8,1_Hartford_test_ds.nc/2_Hartford_test_00.nc/3_Hartford_test_01.nc,9,1,1,7C7EA6BE43412B9A6A1BE40195A94BAE
2023-09-20 17:36:13@1695202573632@SCS1235917003169520257054623,TS6HF01,STANDBY,3,CNC1/CNC1/CNC1,1/1/1,100/100/100,HARTFORD_MVP8/HARTFORD_MVP8/HARTFORD_MVP8,1_Hartford_test_ds.nc/2_Hartford_test_ds.nc/3_Hartford_test_ds.nc,9,2,1,714B775A987089A0CFAE23DB4901C401
2023-09-20 17:36:13@1695202573742@SCS1235917004169520257054639,TS6HF01,STANDBY,1,CNC1,1,100,HARTFORD_MVP8,1_Hartford_test_ds.nc,9,3,1,BDA3C25BDF5E19194B9ABA9DC781727A
2023-09-20 17:36:13@1695202573848@SCS1235917005169520257054659,TS6HF01,STANDBY,1,CNC1,1,100,HARTFORD_MVP8,1_Hartford_test_ds.nc,9,4,1,615FD3A43FE8974171B84534946AC4F0
2023-09-20 17:36:13@1695202573956@SCS1235917006169520257054676,TS6HF01,STANDBY,1,CNC1,1,100,HARTFORD_MVP8,1_Hartford_test_ds.nc,9,5,1,702F18DD8FE27B2955C7F307AED76EB4
2023-09-20 17:36:14@1695202574063@D0000001169520257054661,TS6HF01,STANDBY,2,CNC1/CNC1,1/2,10#30/20,HARTFORD_MVP8#Dummy_CNC/Dummy_CNC,1_Hartford_test_00.nc#1_dummy_cnc_01.nc/2_dummy_cnc_01.nc,9,6,1,C81C9E8205D19480717E31D849CBC0E7
2023-09-20 17:36:14@1695202574167@dwg00116952025705460,TS6HF01,STANDBY,2,CNC1/CNC1,1/2,200/100,Dummy_CNC/Dummy_CNC,1_1_dummy_cnc_01.nc/2_1_dummy_cnc_01.nc,9,7,1,3E600EB8CAE1D85B59E4BC87A2EBD257
2023-09-20 17:36:14@1695202574275@SCS1235917001169520257054697,TS6HF01,STANDBY,3,CNC1/CNC1/CNC1,1/1/2,100/100/100,HARTFORD_MVP8/HARTFORD_MVP8/HARTFORD_MVP8,1_Hartford_test_ds.nc/2_Hartford_test_00.nc/3_Hartford_test_01.nc,9,8,1,79CD071B6F17F9C80E2B574C7E188EF4
2023-09-20 17:36:14@1695202574378@SCS1235917003169520257054698,TS6HF01,STANDBY,3,CNC1/CNC1/CNC1,1/1/1,100/100/100,HARTFORD_MVP8/HARTFORD_MVP8/HARTFORD_MVP8,1_Hartford_test_ds.nc/2_Hartford_test_ds.nc/3_Hartford_test_ds.nc,9,9,1,AEB64986587910F6B5CD2E3552522C16
2023-09-20 17:36:14@1695202574484@SCS1235917004169520257054630,TS6HF01,STANDBY,1,CNC1,1,100,HARTFORD_MVP8,1_Hartford_test_ds.nc,9,10,1,5DEBED405F60F36CCAEF3AE149A8CE51
2023-09-20 17:36:14@1695202574595@SCS1235917005169520257054678,TS6HF01,STANDBY,1,CNC1,1,100,HARTFORD_MVP8,1_Hartford_test_ds.nc,9,11,1,C336AB63918E9E981878A97221A478EF
2023-09-20 17:36:14@1695202574704@SCS1235917006169520257054695,TS6HF01,STANDBY,1,CNC1,1,100,HARTFORD_MVP8,1_Hartford_test_ds.nc,9,12,1,6E843670C140CC26A9963AE5EE1B82D8
2023-09-20 17:36:14@1695202574813@D0000001169520257054674,TS6HF01,STANDBY,2,CNC1/CNC1,1/2,10#30/20,HARTFORD_MVP8#Dummy_CNC/Dummy_CNC,1_Hartford_test_00.nc#1_dummy_cnc_01.nc/2_dummy_cnc_01.nc,9,13,1,4D0960DF497DF2735DEE06560DE47B47
2023-09-20 17:36:14@1695202574921@dwg001169520257054673,TS6HF01,STANDBY,2,CNC1/CNC1,1/2,200/100,Dummy_CNC/Dummy_CNC,1_1_dummy_cnc_01.nc/2_1_dummy_cnc_01.nc,9,14,1,296D18AEB14F2CF192553ECB36D060E7
2023-09-20 17:36:15@1695202575030@dwg001169520257054673,TS6HF01,STANDBY,2,CNC1/CNC1,1/2,200/100,Dummy_CNC/Dummy_CNC,1_1_dummy_cnc_01.nc/2_1_dummy_cnc_01.nc,9,14,0,FD90B3FB777FDCCB1D621DA017ED2737
