2023-12-08 09:02:02@1701997322225@SCS1235917001170199688255682,11,TS6HF01,WORKING,3,9,1,CNC1,1,100,HARTFORD_MVP8,1_Hartford_test_ds.nc,C188FE925C3E4D81DDE397577DD6DEDF
2023-12-08 09:02:02@1701997322666@SCS1235917003170199688255673,11,TS6HF01,WORKING,3,9,2,CNC1,1,100,HARTFORD_MVP8,1_Hartford_test_ds.nc,DE5C999BD0BF4A9E28AFBEA1CCA79177
2023-12-08 09:02:03@1701997323110@SCS123591700417019968825569,11,TS6HF01,WORKING,1,9,3,CNC1,1,100,HARTFORD_MVP8,1_Hartford_test_ds.nc,1DF0C4E2C47D027729BD56C59A1B1B80
2023-12-08 09:02:03@1701997323552@SCS1235917005170199688255685,11,TS6HF01,WORKING,1,9,4,CNC1,1,100,HARTFORD_MVP8,1_Hartford_test_ds.nc,E4F07A8C8A86ED43CA3A62CE7C01301D
2023-12-08 09:02:03@1701997323994@SCS1235917006170199688255692,11,TS6HF01,WORKING,1,9,5,CNC1,1,100,HARTFORD_MVP8,1_Hartford_test_ds.nc,E6F40C5512544418A9D4038940DBA4E9
2023-12-08 11:01:59@1702004519905@SCS1235917001170200413571823,11,TS6HF01,WORKING,3,9,1,CNC1,1,100,HARTFORD_MVP8,1_Hartford_test_ds.nc,4BD94283EBF3C558B7806CB6FBAE336D
2023-12-08 11:02:00@1702004520348@SCS1235917003170200413571874,11,TS6HF01,WORKING,3,9,2,CNC1,1,100,HARTFORD_MVP8,1_Hartford_test_ds.nc,A313BA880091D647C0018F7B6F1D8BED
2023-12-08 11:02:00@1702004520789@SCS1235917004170200413571845,11,TS6HF01,WORKING,1,9,3,CNC1,1,100,HARTFORD_MVP8,1_Hartford_test_ds.nc,8FCCA7656FD80EF63645672BC0E646FC
2023-12-08 11:02:01@1702004521229@SCS1235917005170200413571824,11,TS6HF01,WORKING,1,9,4,CNC1,1,100,HARTFORD_MVP8,1_Hartford_test_ds.nc,35005A62F0256A7860A77999BD0A451B
2023-12-08 11:02:01@1702004521670@SCS1235917006170200413571824,11,TS6HF01,WORKING,1,9,5,CNC1,1,100,HARTFORD_MVP8,1_Hartford_test_ds.nc,2CA45D869533A9082245FDDB7001EE31
2023-12-08 12:47:36@1702010856887@SCS1235917001170200413571823,11,TS6HF01,WORKING,3,11,1,CNC1,1,100,HARTFORD_MVP8,1_Hartford_test_ds.nc,DE1DA8B749792E0D97817A6D68CD0493
2023-12-08 12:47:53@1702010873168@SCS1235917003170200413571874,11,TS6HF01,WORKING,3,11,2,CNC1,1,100,HARTFORD_MVP8,1_Hartford_test_ds.nc,031C7FCCF9AAEE22D1D6A62A7BEF98A0
2023-12-08 12:54:53@1702011293993@SCS123591700517020041357182445,11,TS6HF01,WORKING,1,9,6,CNC1,1,100,HARTFORD_MVP8,1_Hartford_test_ds.nc,CCB4CCAC7210644064EC7CF2166A0CE0
2023-12-08 12:54:54@1702011294433@SCS1235917005170200413571824456,11,TS6HF01,WORKING,1,9,7,CNC1,1,100,HARTFORD_MVP8,1_Hartford_test_ds.nc,B4E0CEE90E9BDE4F495B3EA66E1CA603
2023-12-08 12:54:54@1702011294874@SCS123591700517020041357182445666,11,TS6HF01,WORKING,1,9,8,CNC1,1,100,HARTFORD_MVP8,1_Hartford_test_ds.nc,CC9E833F91373F62818AE0C5DC014FC7
2023-12-08 12:54:55@1702011295314@SCS1235917001170200413571830,11,TS6HF01,WORKING,3,9,9,CNC1,1,100,HARTFORD_MVP8,1_Hartford_test_ds.nc,A9890C00593E8783072805F737F87427
2023-12-08 12:54:55@1702011295752@SCS1235917003170200413571899,11,TS6HF01,WORKING,3,9,10,CNC1,1,100,HARTFORD_MVP8,1_Hartford_test_ds.nc,A343DC6E94AFB99B9079D442BF1D88DB
2023-12-08 14:41:23@1702017683563@SCS1235917001170200413571830,11,TS6HF01,WORKING,3,11,9,CNC1,1,100,HARTFORD_MVP8,1_Hartford_test_ds.nc,81AE9DD32C8E3CED7FF7BB3E71354F0C
2023-12-08 14:41:38@1702017698450@SCS1235917003170200413571899,11,TS6HF01,WORKING,3,11,10,CNC1,1,100,HARTFORD_MVP8,1_Hartford_test_ds.nc,A5A2F58D53B64F3E24ED2B477F9BA537
2023-12-08 14:47:53@1702018073029@SCS1235917001170200413571823,11,TS6HF01,WORKING,3,9,1,CNC1/CNC1,1/1,100/100,HARTFORD_MVP8/HARTFORD_MVP8,1_Hartford_test_ds.nc/1_Hartford_test_ds.nc,4AAE7970A29512358E8E207C27D66DFB
2023-12-08 14:47:53@1702018073464@SCS1235917003170200413571874,11,TS6HF01,WORKING,3,9,2,CNC1/CNC1,1/1,100/100,HARTFORD_MVP8/HARTFORD_MVP8,1_Hartford_test_ds.nc/1_Hartford_test_ds.nc,475F5A80293AB26490D5DBABC25EB2DE
2023-12-08 14:47:53@1702018073903@SCS1235917004170200413571845,11,TS6HF01,WORKING,1,9,3,CNC1,1,100,HARTFORD_MVP8,1_Hartford_test_ds.nc,8FCCA7656FD80EF63645672BC0E646FC
2023-12-08 14:47:54@1702018074341@SCS1235917005170200413571824,11,TS6HF01,WORKING,1,9,4,CNC1,1,100,HARTFORD_MVP8,1_Hartford_test_ds.nc,35005A62F0256A7860A77999BD0A451B
2023-12-08 14:47:54@1702018074782@SCS1235917006170200413571824,11,TS6HF01,WORKING,1,9,5,CNC1,1,100,HARTFORD_MVP8,1_Hartford_test_ds.nc,2CA45D869533A9082245FDDB7001EE31
2023-12-08 16:33:26@1702024406861@SCS1235917001170200413571823,11,TS6HF01,WORKING,3,11,1,CNC1/CNC1,1/1,100/100,HARTFORD_MVP8/HARTFORD_MVP8,1_Hartford_test_ds.nc/1_Hartford_test_ds.nc,70A8E346802D54FB58848AC2EB1EE06C
2023-12-08 16:33:43@1702024423233@SCS1235917003170200413571874,11,TS6HF01,WORKING,3,11,2,CNC1/CNC1,1/1,100/100,HARTFORD_MVP8/HARTFORD_MVP8,1_Hartford_test_ds.nc/1_Hartford_test_ds.nc,E20FB47EAB90FEBEFA029B886ECCAE3D
