2024-05-27 10:55:46@1716778546792@SCS1235917001171677854558941,TS6HF01,STANDBY,3,CNC1/CNC1/CNC1,1/1/2,100/100/100,HARTFORD_MVP8/HARTFORD_MVP8/HARTFORD_MVP8,1_Hartford_test_ds.nc/2_Hartford_test_00.nc/3_Hartford_test_01.nc,9,1,1,7DE5F140B29244FEF34F94D862323532
2024-05-27 10:55:48@1716778548911@SCS1235917003171677854558912,TS6HF01,STANDBY,3,CNC1/CNC1/CNC1,1/1/1,100/100/100,HARTFORD_MVP8/HARTFORD_MVP8/HARTFORD_MVP8,1_Hartford_test_ds.nc/2_Hartford_test_ds.nc/3_Hartford_test_ds.nc,9,2,1,6A4A6829850D2D0F3626472115834F39
2024-05-27 10:55:49@1716778549012@SCS1235917004171677854558955,TS6HF01,STANDBY,1,CNC1,1,100,HARTFORD_MVP8,1_Hartford_test_ds.nc,9,3,1,4C74ACA2CA59A32E2424189EEAD23B3D
2024-05-27 10:55:49@1716778549117@SCS1235917005171677854558960,TS6HF01,STANDBY,1,CNC1,1,100,HARTFORD_MVP8,1_Hartford_test_ds.nc,9,4,1,93D8025AE11B492FDB65F7AD0BFF0C59
2024-05-27 10:55:49@1716778549221@SCS1235917006171677854558933,TS6HF01,STANDBY,1,CNC1,1,100,HARTFORD_MVP8,1_Hartford_test_ds.nc,9,5,1,42486D1C4E4BA2C3AE7CEE6AA1B1A117
2024-05-27 10:55:49@1716778549323@SCS123591700117167785455898,TS6HF01,STANDBY,3,CNC1/CNC1/CNC1,1/1/2,100/100/100,HARTFORD_MVP8/HARTFORD_MVP8/HARTFORD_MVP8,1_Hartford_test_ds.nc/2_Hartford_test_00.nc/3_Hartford_test_01.nc,9,6,1,70D4E38452366BF0D7F487B55EBFB437
2024-05-27 10:55:49@1716778549426@SCS1235917003171677854558929,TS6HF01,STANDBY,3,CNC1/CNC1/CNC1,1/1/1,100/100/100,HARTFORD_MVP8/HARTFORD_MVP8/HARTFORD_MVP8,1_Hartford_test_ds.nc/2_Hartford_test_ds.nc/3_Hartford_test_ds.nc,9,7,1,1788F5A00E885D80A909A37574AA980F
2024-05-27 10:55:49@1716778549530@SCS1235917004171677854558967,TS6HF01,STANDBY,1,CNC1,1,100,HARTFORD_MVP8,1_Hartford_test_ds.nc,9,8,1,190F53A8E7DF2D1901C67F80B40531C3
2024-05-27 10:55:49@1716778549632@SCS1235917005171677854558925,TS6HF01,STANDBY,1,CNC1,1,100,HARTFORD_MVP8,1_Hartford_test_ds.nc,9,9,1,57DF50AD84C95ABAB99D6FF6C4CFCC15
2024-05-27 10:55:49@1716778549734@SCS1235917006171677854558940,TS6HF01,STANDBY,1,CNC1,1,100,HARTFORD_MVP8,1_Hartford_test_ds.nc,9,10,1,DDE01775DF83A87F0B034F64C4FA30EB
2024-05-27 10:55:49@1716778549838@SCS123591700117167785455892,TS6HF01,STANDBY,3,CNC1/CNC1/CNC1,1/1/2,100/100/100,HARTFORD_MVP8/HARTFORD_MVP8/HARTFORD_MVP8,1_Hartford_test_ds.nc/2_Hartford_test_00.nc/3_Hartford_test_01.nc,9,11,1,3ED2B80CFFF50F46E863B3AC07BE447B
2024-05-27 10:55:49@1716778549940@SCS1235917003171677854558980,TS6HF01,STANDBY,3,CNC1/CNC1/CNC1,1/1/1,100/100/100,HARTFORD_MVP8/HARTFORD_MVP8/HARTFORD_MVP8,1_Hartford_test_ds.nc/2_Hartford_test_ds.nc/3_Hartford_test_ds.nc,9,12,1,1CD2846F7A38FF385C7571EC4B5BFAB8
2024-05-27 10:55:50@1716778550041@SCS1235917004171677854558953,TS6HF01,STANDBY,1,CNC1,1,100,HARTFORD_MVP8,1_Hartford_test_ds.nc,9,13,1,C2A13AE7AF94A2FC382755F9789C5986
2024-05-27 10:55:50@1716778550144@SCS1235917005171677854558953,TS6HF01,STANDBY,1,CNC1,1,100,HARTFORD_MVP8,1_Hartford_test_ds.nc,9,14,1,CC78D4DC206C6FCEEC97E9387147EF91
2024-05-27 10:55:50@1716778550248@SCS1235917005171677854558953,TS6HF01,STANDBY,1,CNC1,1,100,HARTFORD_MVP8,1_Hartford_test_ds.nc,9,14,0,87A1BBED5CFE6F8814DC5CD2236617F4
2024-05-27 14:43:07@1716792187133@SCS1235917001171679218570524,TS6HF01,STANDBY,3,CNC1/CNC1/CNC1,1/1/2,100/100/100,HARTFORD_MVP8/HARTFORD_MVP8/HARTFORD_MVP8,1_Hartford_test_ds.nc/2_Hartford_test_00.nc/3_Hartford_test_01.nc,9,1,1,7FDE7BC8724FCCAD48DF540B15F427AE
2024-05-27 14:43:07@1716792187239@SCS1235917003171679218570540,TS6HF01,STANDBY,3,CNC1/CNC1/CNC1,1/1/1,100/100/100,HARTFORD_MVP8/HARTFORD_MVP8/HARTFORD_MVP8,1_Hartford_test_ds.nc/2_Hartford_test_ds.nc/3_Hartford_test_ds.nc,9,2,1,2E974EC954905802E9A509DD68CF5700
2024-05-27 14:43:07@1716792187343@SCS1235917004171679218570551,TS6HF01,STANDBY,1,CNC1,1,100,HARTFORD_MVP8,1_Hartford_test_ds.nc,9,3,1,5E47BB08D8021C5185F482B2A8E6E607
2024-05-27 14:43:07@1716792187451@SCS1235917005171679218570572,TS6HF01,STANDBY,1,CNC1,1,100,HARTFORD_MVP8,1_Hartford_test_ds.nc,9,4,1,ACB914128AC6261808302380E20BAD7E
2024-05-27 14:43:07@1716792187558@SCS1235917006171679218570577,TS6HF01,STANDBY,1,CNC1,1,100,HARTFORD_MVP8,1_Hartford_test_ds.nc,9,5,1,A9EAFC6216481A8FD94C13A436AB60F8
2024-05-27 14:43:07@1716792187663@SCS1235917001171679218570525,TS6HF01,STANDBY,3,CNC1/CNC1/CNC1,1/1/2,100/100/100,HARTFORD_MVP8/HARTFORD_MVP8/HARTFORD_MVP8,1_Hartford_test_ds.nc/2_Hartford_test_00.nc/3_Hartford_test_01.nc,9,6,1,566D0501DDC99B266EA2296190DAC14E
2024-05-27 14:43:07@1716792187772@SCS1235917003171679218570557,TS6HF01,STANDBY,3,CNC1/CNC1/CNC1,1/1/1,100/100/100,HARTFORD_MVP8/HARTFORD_MVP8/HARTFORD_MVP8,1_Hartford_test_ds.nc/2_Hartford_test_ds.nc/3_Hartford_test_ds.nc,9,7,1,849C1C90ED5BF1300B3764256A1FBC07
2024-05-27 14:43:07@1716792187880@SCS1235917004171679218570592,TS6HF01,STANDBY,1,CNC1,1,100,HARTFORD_MVP8,1_Hartford_test_ds.nc,9,8,1,16842D69220FC64E48BC3A95590B044E
2024-05-27 14:43:07@1716792187989@SCS1235917005171679218570532,TS6HF01,STANDBY,1,CNC1,1,100,HARTFORD_MVP8,1_Hartford_test_ds.nc,9,9,1,2F50313CBE1DEA4881A4790D02A13225
2024-05-27 14:43:08@1716792188096@SCS1235917006171679218570587,TS6HF01,STANDBY,1,CNC1,1,100,HARTFORD_MVP8,1_Hartford_test_ds.nc,9,10,1,D34973AA88B1F39D38C44FF3C0DD3AE1
2024-05-27 14:43:08@1716792188199@SCS123591700117167921857056,TS6HF01,STANDBY,3,CNC1/CNC1/CNC1,1/1/2,100/100/100,HARTFORD_MVP8/HARTFORD_MVP8/HARTFORD_MVP8,1_Hartford_test_ds.nc/2_Hartford_test_00.nc/3_Hartford_test_01.nc,9,11,1,19FFC42D11E7BA70DA81E141CF9D7ED8
2024-05-27 14:43:08@1716792188303@SCS1235917003171679218570519,TS6HF01,STANDBY,3,CNC1/CNC1/CNC1,1/1/1,100/100/100,HARTFORD_MVP8/HARTFORD_MVP8/HARTFORD_MVP8,1_Hartford_test_ds.nc/2_Hartford_test_ds.nc/3_Hartford_test_ds.nc,9,12,1,C25B52052ABC5608846BE7B3DEFBD8D5
2024-05-27 14:43:08@1716792188410@SCS1235917004171679218570538,TS6HF01,STANDBY,1,CNC1,1,100,HARTFORD_MVP8,1_Hartford_test_ds.nc,9,13,1,5D159FD84A4C33C29C617BAC659C9F8C
2024-05-27 14:43:08@1716792188514@SCS123591700517167921857050,TS6HF01,STANDBY,1,CNC1,1,100,HARTFORD_MVP8,1_Hartford_test_ds.nc,9,14,1,4CBB47B46078D2E778BB1C79FDDB9C3F
2024-05-27 14:43:08@1716792188617@SCS123591700517167921857050,TS6HF01,STANDBY,1,CNC1,1,100,HARTFORD_MVP8,1_Hartford_test_ds.nc,9,14,0,E04CE19E7902ED35C5F94A65802033BE
2024-05-27 15:08:09@1716793689487@SCS1235917001171679368785262,TS6HF01,STANDBY,3,CNC1/CNC1/CNC1,1/1/2,100/100/100,HARTFORD_MVP8/HARTFORD_MVP8/HARTFORD_MVP8,1_Hartford_test_ds.nc/2_Hartford_test_00.nc/3_Hartford_test_01.nc,9,1,1,A59ACD9960424359E38CE52931DB3302
2024-05-27 15:08:09@1716793689591@SCS123591700317167936878526,TS6HF01,STANDBY,3,CNC1/CNC1/CNC1,1/1/1,100/100/100,HARTFORD_MVP8/HARTFORD_MVP8/HARTFORD_MVP8,1_Hartford_test_ds.nc/2_Hartford_test_ds.nc/3_Hartford_test_ds.nc,9,2,1,4474565B7238BBD0BE07C490EA659FEC
2024-05-27 15:08:09@1716793689695@SCS1235917004171679368785299,TS6HF01,STANDBY,1,CNC1,1,100,HARTFORD_MVP8,1_Hartford_test_ds.nc,9,3,1,74BB84B08CF7BC7E41EB998B9EBC5BFD
2024-05-27 15:08:09@1716793689802@SCS1235917005171679368785253,TS6HF01,STANDBY,1,CNC1,1,100,HARTFORD_MVP8,1_Hartford_test_ds.nc,9,4,1,48461450DE4D7F1E78E2750314FAC215
2024-05-27 15:08:09@1716793689912@SCS1235917006171679368785260,TS6HF01,STANDBY,1,CNC1,1,100,HARTFORD_MVP8,1_Hartford_test_ds.nc,9,5,1,D11D8DF298789789DCD26B37F68F9DF4
2024-05-27 15:08:10@1716793690017@SCS1235917001171679368785277,TS6HF01,STANDBY,3,CNC1/CNC1/CNC1,1/1/2,100/100/100,HARTFORD_MVP8/HARTFORD_MVP8/HARTFORD_MVP8,1_Hartford_test_ds.nc/2_Hartford_test_00.nc/3_Hartford_test_01.nc,9,6,1,7F4962D5602EE7CD41A1BF587BEED9B7
2024-05-27 15:08:10@1716793690126@SCS1235917003171679368785212,TS6HF01,STANDBY,3,CNC1/CNC1/CNC1,1/1/1,100/100/100,HARTFORD_MVP8/HARTFORD_MVP8/HARTFORD_MVP8,1_Hartford_test_ds.nc/2_Hartford_test_ds.nc/3_Hartford_test_ds.nc,9,7,1,B414E5B40F3FB15D1B676BD35DEE533C
2024-05-27 15:08:10@1716793690230@SCS1235917004171679368785234,TS6HF01,STANDBY,1,CNC1,1,100,HARTFORD_MVP8,1_Hartford_test_ds.nc,9,8,1,23B6BE6D16D902DCE0A1BA723EDEF402
2024-05-27 15:08:10@1716793690342@SCS1235917005171679368785256,TS6HF01,STANDBY,1,CNC1,1,100,HARTFORD_MVP8,1_Hartford_test_ds.nc,9,9,1,02B438919B6557F27D3E8F79B9EAAB62
2024-05-27 15:08:10@1716793690449@SCS1235917006171679368785267,TS6HF01,STANDBY,1,CNC1,1,100,HARTFORD_MVP8,1_Hartford_test_ds.nc,9,10,1,82AABDEF55C1005DD82B6CE5187CD27D
2024-05-27 15:08:10@1716793690556@SCS123591700117167936878526,TS6HF01,STANDBY,3,CNC1/CNC1/CNC1,1/1/2,100/100/100,HARTFORD_MVP8/HARTFORD_MVP8/HARTFORD_MVP8,1_Hartford_test_ds.nc/2_Hartford_test_00.nc/3_Hartford_test_01.nc,9,11,1,115FB569E0A9FCCA6FE309F34EACB22E
2024-05-27 15:08:10@1716793690660@SCS1235917003171679368785234,TS6HF01,STANDBY,3,CNC1/CNC1/CNC1,1/1/1,100/100/100,HARTFORD_MVP8/HARTFORD_MVP8/HARTFORD_MVP8,1_Hartford_test_ds.nc/2_Hartford_test_ds.nc/3_Hartford_test_ds.nc,9,12,1,E34B339FB84241E04C3F620902C4B4DF
2024-05-27 15:08:10@1716793690764@SCS1235917004171679368785284,TS6HF01,STANDBY,1,CNC1,1,100,HARTFORD_MVP8,1_Hartford_test_ds.nc,9,13,1,A2093EA4B08CAFDAAD6F752C6AC95BB6
2024-05-27 15:08:10@1716793690868@SCS1235917005171679368785223,TS6HF01,STANDBY,1,CNC1,1,100,HARTFORD_MVP8,1_Hartford_test_ds.nc,9,14,1,DD3FB7802020802C5261A702B5D73BA8
2024-05-27 15:08:10@1716793690972@SCS1235917005171679368785223,TS6HF01,STANDBY,1,CNC1,1,100,HARTFORD_MVP8,1_Hartford_test_ds.nc,9,14,0,579A32A0E9A5B6504C42A124A53E385A
2024-05-27 15:58:00@1716796680103@SCS1235917001171679667862658,TS6HF01,STANDBY,3,CNC1/CNC1/CNC1,1/1/2,100/100/100,HARTFORD_MVP8/HARTFORD_MVP8/HARTFORD_MVP8,1_Hartford_test_ds.nc/2_Hartford_test_00.nc/3_Hartford_test_01.nc,9,1,1,CF92C689E6207983815AA393FD12F30C
2024-05-27 15:58:00@1716796680207@SCS1235917003171679667862674,TS6HF01,STANDBY,3,CNC1/CNC1/CNC1,1/1/1,100/100/100,HARTFORD_MVP8/HARTFORD_MVP8/HARTFORD_MVP8,1_Hartford_test_ds.nc/2_Hartford_test_ds.nc/3_Hartford_test_ds.nc,9,2,1,578759152D350005139181C12A8885B3
2024-05-27 15:58:00@1716796680315@SCS1235917004171679667862645,TS6HF01,STANDBY,1,CNC1,1,100,HARTFORD_MVP8,1_Hartford_test_ds.nc,9,3,1,35E778A7035CD9949DB43354A8CC2A3B
2024-05-27 15:58:00@1716796680420@SCS1235917005171679667862647,TS6HF01,STANDBY,1,CNC1,1,100,HARTFORD_MVP8,1_Hartford_test_ds.nc,9,4,1,EEEB9C0549CB34D4F07394E510BA17AB
2024-05-27 15:58:00@1716796680528@SCS1235917006171679667862672,TS6HF01,STANDBY,1,CNC1,1,100,HARTFORD_MVP8,1_Hartford_test_ds.nc,9,5,1,6440CA2A14FBFD561EA022A97FA4F3DB
2024-05-27 15:58:00@1716796680631@SCS1235917001171679667862613,TS6HF01,STANDBY,3,CNC1/CNC1/CNC1,1/1/2,100/100/100,HARTFORD_MVP8/HARTFORD_MVP8/HARTFORD_MVP8,1_Hartford_test_ds.nc/2_Hartford_test_00.nc/3_Hartford_test_01.nc,9,6,1,B47739469190EB8763263B9412C9E320
2024-05-27 15:58:00@1716796680735@SCS1235917003171679667862640,TS6HF01,STANDBY,3,CNC1/CNC1/CNC1,1/1/1,100/100/100,HARTFORD_MVP8/HARTFORD_MVP8/HARTFORD_MVP8,1_Hartford_test_ds.nc/2_Hartford_test_ds.nc/3_Hartford_test_ds.nc,9,7,1,13996168C98124027C1B9EDCCBBDBDAB
2024-05-27 15:58:00@1716796680838@SCS1235917004171679667862659,TS6HF01,STANDBY,1,CNC1,1,100,HARTFORD_MVP8,1_Hartford_test_ds.nc,9,8,1,87E5AA02A80DE3985D7662C44E63D56E
2024-05-27 15:58:00@1716796680944@SCS1235917005171679667862682,TS6HF01,STANDBY,1,CNC1,1,100,HARTFORD_MVP8,1_Hartford_test_ds.nc,9,9,1,18BFBF44289B327B6A8886AD0AEB2F1D
2024-05-27 15:58:01@1716796681051@SCS1235917006171679667862655,TS6HF01,STANDBY,1,CNC1,1,100,HARTFORD_MVP8,1_Hartford_test_ds.nc,9,10,1,E2837411E228CB1602E509AF5FAB3BB5
2024-05-27 15:58:01@1716796681157@SCS1235917001171679667862659,TS6HF01,STANDBY,3,CNC1/CNC1/CNC1,1/1/2,100/100/100,HARTFORD_MVP8/HARTFORD_MVP8/HARTFORD_MVP8,1_Hartford_test_ds.nc/2_Hartford_test_00.nc/3_Hartford_test_01.nc,9,11,1,297CAA5D63C335D3CA75C9E9AF2E5E9F
2024-05-27 15:58:01@1716796681260@SCS123591700317167966786263,TS6HF01,STANDBY,3,CNC1/CNC1/CNC1,1/1/1,100/100/100,HARTFORD_MVP8/HARTFORD_MVP8/HARTFORD_MVP8,1_Hartford_test_ds.nc/2_Hartford_test_ds.nc/3_Hartford_test_ds.nc,9,12,1,0B5CA94CFEC19887654B8EB4EE4DEA9D
2024-05-27 15:58:01@1716796681362@SCS123591700417167966786262,TS6HF01,STANDBY,1,CNC1,1,100,HARTFORD_MVP8,1_Hartford_test_ds.nc,9,13,1,C0DA1DE53A0632AB3DA00CBC56FC856B
2024-05-27 15:58:01@1716796681464@SCS123591700517167966786266,TS6HF01,STANDBY,1,CNC1,1,100,HARTFORD_MVP8,1_Hartford_test_ds.nc,9,14,1,BDDFCC7F808C837A4C94014558E47F04
2024-05-27 15:58:01@1716796681567@SCS123591700517167966786266,TS6HF01,STANDBY,1,CNC1,1,100,HARTFORD_MVP8,1_Hartford_test_ds.nc,9,14,0,7E267228FA59446103A1AD5CE3C6B208
2024-05-27 17:46:27@1716803187768@SCS1235917001171680317902825,TS6HF01,STANDBY,3,CNC1/CNC1/CNC1,1/1/2,100/100/100,HARTFORD_MVP8/HARTFORD_MVP8/HARTFORD_MVP8,1_Hartford_test_ds.nc/2_Hartford_test_00.nc/3_Hartford_test_01.nc,9,1,1,EE9E79D72D2571FF6E4565C9CAA2F605
2024-05-27 17:46:27@1716803187875@SCS1235917003171680317902844,TS6HF01,STANDBY,3,CNC1/CNC1/CNC1,1/1/1,100/100/100,HARTFORD_MVP8/HARTFORD_MVP8/HARTFORD_MVP8,1_Hartford_test_ds.nc/2_Hartford_test_ds.nc/3_Hartford_test_ds.nc,9,2,1,70920150DB5BC0F3F3A169F229E332A9
2024-05-27 17:46:27@1716803187983@SCS1235917004171680317902877,TS6HF01,STANDBY,1,CNC1,1,100,HARTFORD_MVP8,1_Hartford_test_ds.nc,9,3,1,BBE8E9AE508B85078E66821FAE7FA393
2024-05-27 17:46:28@1716803188091@SCS1235917005171680317902885,TS6HF01,STANDBY,1,CNC1,1,100,HARTFORD_MVP8,1_Hartford_test_ds.nc,9,4,1,7C56AD86A97BBC888312FF62AAB586C1
2024-05-27 17:46:28@1716803188201@SCS1235917006171680317902866,TS6HF01,STANDBY,1,CNC1,1,100,HARTFORD_MVP8,1_Hartford_test_ds.nc,9,5,1,688FDA71A240A981D018E08D81AE4390
2024-05-27 17:46:28@1716803188306@SCS1235917001171680317902828,TS6HF01,STANDBY,3,CNC1/CNC1/CNC1,1/1/2,100/100/100,HARTFORD_MVP8/HARTFORD_MVP8/HARTFORD_MVP8,1_Hartford_test_ds.nc/2_Hartford_test_00.nc/3_Hartford_test_01.nc,9,6,1,C8F949D665BD239AE7CA06198321F9D7
2024-05-27 17:46:28@1716803188411@SCS1235917003171680317902841,TS6HF01,STANDBY,3,CNC1/CNC1/CNC1,1/1/1,100/100/100,HARTFORD_MVP8/HARTFORD_MVP8/HARTFORD_MVP8,1_Hartford_test_ds.nc/2_Hartford_test_ds.nc/3_Hartford_test_ds.nc,9,7,1,6D79C76FD37BA43226A0E0A5617430A0
2024-05-27 17:46:28@1716803188515@SCS1235917004171680317902857,TS6HF01,STANDBY,1,CNC1,1,100,HARTFORD_MVP8,1_Hartford_test_ds.nc,9,8,1,0A9029CAB71E06D4A2B5EF08D25A10A1
2024-05-27 17:46:28@1716803188618@SCS1235917005171680317902831,TS6HF01,STANDBY,1,CNC1,1,100,HARTFORD_MVP8,1_Hartford_test_ds.nc,9,9,1,52797686A170FD7BD4FA6165BC1BF483
2024-05-27 17:46:28@1716803188723@SCS1235917006171680317902817,TS6HF01,STANDBY,1,CNC1,1,100,HARTFORD_MVP8,1_Hartford_test_ds.nc,9,10,1,D2370D2536F9FBCBA638C31CD9C08942
2024-05-27 17:46:28@1716803188832@SCS1235917001171680317902873,TS6HF01,STANDBY,3,CNC1/CNC1/CNC1,1/1/2,100/100/100,HARTFORD_MVP8/HARTFORD_MVP8/HARTFORD_MVP8,1_Hartford_test_ds.nc/2_Hartford_test_00.nc/3_Hartford_test_01.nc,9,11,1,EC99177557AEDE0AFC5402991002FE1F
2024-05-27 17:46:28@1716803188935@SCS1235917003171680317902824,TS6HF01,STANDBY,3,CNC1/CNC1/CNC1,1/1/1,100/100/100,HARTFORD_MVP8/HARTFORD_MVP8/HARTFORD_MVP8,1_Hartford_test_ds.nc/2_Hartford_test_ds.nc/3_Hartford_test_ds.nc,9,12,1,23005D35CCA409B939ADCCDF86961ABA
2024-05-27 17:46:29@1716803189040@SCS1235917004171680317902858,TS6HF01,STANDBY,1,CNC1,1,100,HARTFORD_MVP8,1_Hartford_test_ds.nc,9,13,1,4E015134926F690B0CF10C20B76D2818
2024-05-27 17:46:29@1716803189142@SCS1235917005171680317902880,TS6HF01,STANDBY,1,CNC1,1,100,HARTFORD_MVP8,1_Hartford_test_ds.nc,9,14,1,53D65AEDC1E60C76FC083D089D8D7636
2024-05-27 17:46:29@1716803189245@SCS1235917005171680317902880,TS6HF01,STANDBY,1,CNC1,1,100,HARTFORD_MVP8,1_Hartford_test_ds.nc,9,14,0,8EA2A15C49501C1AC6163710FCFDEB62
